<?xml version="1.0" encoding="UTF-8"?>
<coverage generated="1774324427498" clover="3.2.0">
  <project timestamp="1774324427498" name="All files">
    <metrics statements="151" coveredstatements="104" conditionals="58" coveredconditionals="42" methods="16" coveredmethods="6" elements="225" coveredelements="152" complexity="0" loc="151" ncloc="151" packages="1" files="1" classes="1"/>
    <file name="app.js" path="C:\Users\julia\OneDrive\Documentos\tierra_en_calma_simulado\backend\app.js">
      <metrics statements="151" coveredstatements="104" conditionals="58" coveredconditionals="42" methods="16" coveredmethods="6"/>
      <line num="2" count="33" type="stmt"/>
      <line num="3" count="33" type="stmt"/>
      <line num="4" count="33" type="stmt"/>
      <line num="5" count="33" type="stmt"/>
      <line num="6" count="33" type="stmt"/>
      <line num="7" count="33" type="stmt"/>
      <line num="8" count="33" type="stmt"/>
      <line num="9" count="33" type="stmt"/>
      <line num="11" count="33" type="stmt"/>
      <line num="12" count="33" type="stmt"/>
      <line num="16" count="33" type="stmt"/>
      <line num="17" count="33" type="stmt"/>
      <line num="18" count="33" type="stmt"/>
      <line num="21" count="33" type="stmt"/>
      <line num="22" count="33" type="stmt"/>
      <line num="23" count="33" type="stmt"/>
      <line num="26" count="33" type="stmt"/>
      <line num="33" count="33" type="stmt"/>
      <line num="41" count="8" type="stmt"/>
      <line num="44" count="8" type="cond" truecount="2" falsecount="0"/>
      <line num="52" count="1" type="stmt"/>
      <line num="58" count="7" type="stmt"/>
      <line num="59" count="7" type="cond" truecount="2" falsecount="0"/>
      <line num="60" count="1" type="stmt"/>
      <line num="66" count="6" type="cond" truecount="2" falsecount="0"/>
      <line num="67" count="1" type="stmt"/>
      <line num="74" count="5" type="stmt"/>
      <line num="75" count="5" type="stmt"/>
      <line num="77" count="4" type="stmt"/>
      <line num="85" count="2" type="stmt"/>
      <line num="87" count="3" type="stmt"/>
      <line num="92" count="5" type="cond" truecount="2" falsecount="0"/>
      <line num="93" count="4" type="stmt"/>
      <line num="94" count="4" type="stmt"/>
      <line num="96" count="2" type="stmt"/>
      <line num="102" count="33" type="stmt"/>
      <line num="103" count="8" type="stmt"/>
      <line num="105" count="8" type="cond" truecount="4" falsecount="0"/>
      <line num="106" count="1" type="stmt"/>
      <line num="113" count="7" type="stmt"/>
      <line num="114" count="7" type="stmt"/>
      <line num="116" count="6" type="stmt"/>
      <line num="125" count="4" type="cond" truecount="2" falsecount="0"/>
      <line num="126" count="2" type="stmt"/>
      <line num="127" count="2" type="cond" truecount="1" falsecount="1"/>
      <line num="128" count="2" type="cond" truecount="2" falsecount="0"/>
      <line num="130" count="2" type="stmt"/>
      <line num="137" count="2" type="stmt"/>
      <line num="141" count="3" type="stmt"/>
      <line num="145" count="7" type="cond" truecount="2" falsecount="0"/>
      <line num="146" count="6" type="stmt"/>
      <line num="147" count="6" type="stmt"/>
      <line num="149" count="2" type="stmt"/>
      <line num="156" count="33" type="stmt"/>
      <line num="157" count="0" type="stmt"/>
      <line num="159" count="0" type="cond" truecount="0" falsecount="5"/>
      <line num="160" count="0" type="stmt"/>
      <line num="163" count="0" type="stmt"/>
      <line num="171" count="0" type="stmt"/>
      <line num="183" count="0" type="stmt"/>
      <line num="184" count="0" type="stmt"/>
      <line num="185" count="0" type="stmt"/>
      <line num="188" count="0" type="stmt"/>
      <line num="190" count="0" type="stmt"/>
      <line num="194" count="33" type="stmt"/>
      <line num="195" count="0" type="stmt"/>
      <line num="198" count="33" type="stmt"/>
      <line num="199" count="0" type="stmt"/>
      <line num="202" count="33" type="stmt"/>
      <line num="203" count="0" type="stmt"/>
      <line num="205" count="0" type="cond" truecount="0" falsecount="2"/>
      <line num="206" count="0" type="stmt"/>
      <line num="209" count="0" type="stmt"/>
      <line num="210" count="0" type="stmt"/>
      <line num="211" count="0" type="stmt"/>
      <line num="213" count="0" type="stmt"/>
      <line num="214" count="0" type="stmt"/>
      <line num="220" count="33" type="stmt"/>
      <line num="221" count="6" type="stmt"/>
      <line num="225" count="6" type="cond" truecount="4" falsecount="0"/>
      <line num="226" count="1" type="stmt"/>
      <line num="231" count="5" type="stmt"/>
      <line num="232" count="5" type="stmt"/>
      <line num="234" count="4" type="stmt"/>
      <line num="242" count="2" type="stmt"/>
      <line num="246" count="3" type="stmt"/>
      <line num="247" count="3" type="stmt"/>
      <line num="251" count="5" type="cond" truecount="2" falsecount="0"/>
      <line num="252" count="4" type="stmt"/>
      <line num="253" count="4" type="stmt"/>
      <line num="255" count="2" type="stmt"/>
      <line num="260" count="33" type="stmt"/>
      <line num="263" count="5" type="stmt"/>
      <line num="264" count="5" type="stmt"/>
      <line num="266" count="4" type="stmt"/>
      <line num="274" count="2" type="stmt"/>
      <line num="276" count="3" type="stmt"/>
      <line num="277" count="3" type="stmt"/>
      <line num="281" count="5" type="cond" truecount="2" falsecount="0"/>
      <line num="282" count="4" type="stmt"/>
      <line num="283" count="4" type="stmt"/>
      <line num="285" count="2" type="stmt"/>
      <line num="291" count="33" type="stmt"/>
      <line num="292" count="6" type="stmt"/>
      <line num="293" count="6" type="cond" truecount="1" falsecount="1"/>
      <line num="294" count="6" type="stmt"/>
      <line num="296" count="6" type="cond" truecount="4" falsecount="0"/>
      <line num="297" count="1" type="stmt"/>
      <line num="302" count="5" type="stmt"/>
      <line num="303" count="5" type="stmt"/>
      <line num="305" count="4" type="stmt"/>
      <line num="319" count="3" type="cond" truecount="2" falsecount="0"/>
      <line num="321" count="2" type="stmt"/>
      <line num="322" count="2" type="stmt"/>
      <line num="324" count="5" type="cond" truecount="2" falsecount="0"/>
      <line num="325" count="4" type="stmt"/>
      <line num="326" count="4" type="stmt"/>
      <line num="328" count="1" type="stmt"/>
      <line num="334" count="33" type="stmt"/>
      <line num="335" count="0" type="stmt"/>
      <line num="336" count="0" type="cond" truecount="0" falsecount="5"/>
      <line num="337" count="0" type="stmt"/>
      <line num="340" count="0" type="stmt"/>
      <line num="341" count="0" type="stmt"/>
      <line num="347" count="0" type="stmt"/>
      <line num="349" count="0" type="stmt"/>
      <line num="354" count="33" type="stmt"/>
      <line num="358" count="0" type="stmt"/>
      <line num="359" count="0" type="stmt"/>
      <line num="363" count="0" type="stmt"/>
      <line num="367" count="0" type="stmt"/>
      <line num="372" count="33" type="stmt"/>
      <line num="373" count="0" type="stmt"/>
      <line num="374" count="0" type="stmt"/>
      <line num="375" count="0" type="stmt"/>
      <line num="377" count="0" type="stmt"/>
      <line num="412" count="0" type="stmt"/>
      <line num="414" count="0" type="stmt"/>
      <line num="422" count="0" type="stmt"/>
      <line num="423" count="0" type="stmt"/>
      <line num="429" count="33" type="stmt"/>
      <line num="430" count="0" type="stmt"/>
      <line num="432" count="0" type="cond" truecount="0" falsecount="2"/>
      <line num="433" count="0" type="stmt"/>
      <line num="436" count="0" type="stmt"/>
      <line num="437" count="0" type="stmt"/>
      <line num="438" count="0" type="stmt"/>
      <line num="441" count="0" type="stmt"/>
      <line num="442" count="0" type="stmt"/>
      <line num="448" count="33" type="stmt"/>
      <line num="451" count="33" type="stmt"/>
    </file>
  </project>
</coverage>
