<?xml version="1.0" encoding="UTF-8"?>
<coverage generated="1774404755883" clover="3.2.0">
  <project timestamp="1774404755884" name="All files">
    <metrics statements="259" coveredstatements="119" conditionals="113" coveredconditionals="41" methods="28" coveredmethods="6" elements="400" coveredelements="166" complexity="0" loc="259" ncloc="259" packages="1" files="5" classes="5"/>
    <file name="SimuladorSensor.js" path="C:\Users\julia\OneDrive\Documentos\tierra_en_calma_simulado\backend\SimuladorSensor.js">
      <metrics statements="19" coveredstatements="3" conditionals="7" coveredconditionals="0" methods="4" coveredmethods="0"/>
      <line num="1" count="2" type="stmt"/>
      <line num="2" count="2" type="stmt"/>
      <line num="5" count="0" type="stmt"/>
      <line num="6" count="0" type="stmt"/>
      <line num="7" count="0" type="stmt"/>
      <line num="9" count="0" type="stmt"/>
      <line num="11" count="0" type="stmt"/>
      <line num="13" count="0" type="stmt"/>
      <line num="14" count="0" type="stmt"/>
      <line num="16" count="0" type="stmt"/>
      <line num="17" count="0" type="stmt"/>
      <line num="19" count="0" type="stmt"/>
      <line num="21" count="0" type="stmt"/>
      <line num="23" count="0" type="cond" truecount="0" falsecount="2"/>
      <line num="24" count="0" type="stmt"/>
      <line num="25" count="0" type="stmt"/>
      <line num="33" count="0" type="cond" truecount="0" falsecount="2"/>
      <line num="34" count="0" type="stmt"/>
      <line num="37" count="2" type="stmt"/>
    </file>
    <file name="app.js" path="C:\Users\julia\OneDrive\Documentos\tierra_en_calma_simulado\backend\app.js">
      <metrics statements="98" coveredstatements="97" conditionals="44" coveredconditionals="41" methods="6" coveredmethods="6"/>
      <line num="1" count="34" type="stmt"/>
      <line num="2" count="34" type="stmt"/>
      <line num="3" count="34" type="stmt"/>
      <line num="4" count="34" type="stmt"/>
      <line num="5" count="34" type="stmt"/>
      <line num="6" count="34" type="stmt"/>
      <line num="7" count="34" type="stmt"/>
      <line num="8" count="34" type="stmt"/>
      <line num="9" count="34" type="stmt"/>
      <line num="11" count="34" type="stmt"/>
      <line num="13" count="34" type="stmt"/>
      <line num="14" count="34" type="stmt"/>
      <line num="15" count="34" type="stmt"/>
      <line num="34" count="33" type="stmt"/>
      <line num="36" count="33" type="stmt"/>
      <line num="37" count="33" type="stmt"/>
      <line num="38" count="33" type="stmt"/>
      <line num="40" count="33" type="stmt"/>
      <line num="47" count="33" type="stmt"/>
      <line num="55" count="7" type="stmt"/>
      <line num="57" count="7" type="cond" truecount="1" falsecount="1"/>
      <line num="65" count="0" type="stmt"/>
      <line num="70" count="7" type="stmt"/>
      <line num="71" count="7" type="cond" truecount="2" falsecount="0"/>
      <line num="72" count="1" type="stmt"/>
      <line num="77" count="6" type="cond" truecount="2" falsecount="0"/>
      <line num="78" count="1" type="stmt"/>
      <line num="85" count="5" type="stmt"/>
      <line num="86" count="5" type="stmt"/>
      <line num="88" count="4" type="stmt"/>
      <line num="103" count="2" type="stmt"/>
      <line num="107" count="3" type="stmt"/>
      <line num="112" count="5" type="cond" truecount="2" falsecount="0"/>
      <line num="113" count="4" type="stmt"/>
      <line num="114" count="4" type="stmt"/>
      <line num="116" count="2" type="stmt"/>
      <line num="123" count="33" type="stmt"/>
      <line num="124" count="8" type="stmt"/>
      <line num="126" count="8" type="cond" truecount="4" falsecount="0"/>
      <line num="127" count="1" type="stmt"/>
      <line num="134" count="7" type="stmt"/>
      <line num="135" count="7" type="stmt"/>
      <line num="137" count="6" type="stmt"/>
      <line num="151" count="4" type="cond" truecount="2" falsecount="0"/>
      <line num="152" count="2" type="stmt"/>
      <line num="153" count="2" type="cond" truecount="1" falsecount="1"/>
      <line num="155" count="2" type="cond" truecount="2" falsecount="0"/>
      <line num="157" count="2" type="stmt"/>
      <line num="164" count="2" type="stmt"/>
      <line num="168" count="3" type="stmt"/>
      <line num="169" count="3" type="stmt"/>
      <line num="173" count="7" type="cond" truecount="2" falsecount="0"/>
      <line num="174" count="6" type="stmt"/>
      <line num="175" count="6" type="stmt"/>
      <line num="177" count="2" type="stmt"/>
      <line num="274" count="33" type="stmt"/>
      <line num="275" count="7" type="stmt"/>
      <line num="278" count="7" type="cond" truecount="4" falsecount="0"/>
      <line num="279" count="1" type="stmt"/>
      <line num="284" count="6" type="stmt"/>
      <line num="285" count="6" type="stmt"/>
      <line num="287" count="5" type="stmt"/>
      <line num="295" count="3" type="stmt"/>
      <line num="299" count="3" type="stmt"/>
      <line num="300" count="3" type="stmt"/>
      <line num="304" count="6" type="cond" truecount="2" falsecount="0"/>
      <line num="305" count="5" type="stmt"/>
      <line num="306" count="5" type="stmt"/>
      <line num="308" count="2" type="stmt"/>
      <line num="318" count="33" type="stmt"/>
      <line num="321" count="5" type="stmt"/>
      <line num="322" count="5" type="stmt"/>
      <line num="324" count="4" type="stmt"/>
      <line num="332" count="2" type="stmt"/>
      <line num="334" count="3" type="stmt"/>
      <line num="335" count="3" type="stmt"/>
      <line num="339" count="5" type="cond" truecount="2" falsecount="0"/>
      <line num="340" count="4" type="stmt"/>
      <line num="341" count="4" type="stmt"/>
      <line num="343" count="2" type="stmt"/>
      <line num="353" count="33" type="stmt"/>
      <line num="354" count="6" type="stmt"/>
      <line num="355" count="6" type="cond" truecount="1" falsecount="1"/>
      <line num="356" count="6" type="stmt"/>
      <line num="358" count="6" type="cond" truecount="4" falsecount="0"/>
      <line num="359" count="1" type="stmt"/>
      <line num="366" count="5" type="stmt"/>
      <line num="367" count="5" type="stmt"/>
      <line num="369" count="4" type="stmt"/>
      <line num="383" count="3" type="cond" truecount="2" falsecount="0"/>
      <line num="385" count="2" type="stmt"/>
      <line num="386" count="2" type="stmt"/>
      <line num="390" count="5" type="cond" truecount="2" falsecount="0"/>
      <line num="391" count="4" type="stmt"/>
      <line num="392" count="4" type="stmt"/>
      <line num="394" count="1" type="stmt"/>
      <line num="527" count="33" type="stmt"/>
      <line num="530" count="34" type="stmt"/>
    </file>
    <file name="cuidadosService.js" path="C:\Users\julia\OneDrive\Documentos\tierra_en_calma_simulado\backend\cuidadosService.js">
      <metrics statements="20" coveredstatements="3" conditionals="12" coveredconditionals="0" methods="3" coveredmethods="0"/>
      <line num="1" count="2" type="stmt"/>
      <line num="2" count="2" type="stmt"/>
      <line num="11" count="0" type="stmt"/>
      <line num="19" count="0" type="cond" truecount="0" falsecount="2"/>
      <line num="20" count="0" type="stmt"/>
      <line num="23" count="0" type="stmt"/>
      <line num="32" count="0" type="cond" truecount="0" falsecount="2"/>
      <line num="33" count="0" type="stmt"/>
      <line num="36" count="0" type="stmt"/>
      <line num="45" count="0" type="cond" truecount="0" falsecount="2"/>
      <line num="50" count="0" type="stmt"/>
      <line num="51" count="0" type="stmt"/>
      <line num="54" count="0" type="stmt"/>
      <line num="56" count="0" type="stmt"/>
      <line num="75" count="0" type="stmt"/>
      <line num="76" count="0" type="cond" truecount="0" falsecount="2"/>
      <line num="78" count="0" type="stmt"/>
      <line num="86" count="0" type="stmt"/>
      <line num="88" count="0" type="cond" truecount="0" falsecount="2"/>
      <line num="92" count="2" type="stmt"/>
    </file>
    <file name="mqttService.js" path="C:\Users\julia\OneDrive\Documentos\tierra_en_calma_simulado\backend\mqttService.js">
      <metrics statements="103" coveredstatements="12" conditionals="44" coveredconditionals="0" methods="13" coveredmethods="0"/>
      <line num="1" count="2" type="stmt"/>
      <line num="2" count="2" type="stmt"/>
      <line num="3" count="2" type="stmt"/>
      <line num="6" count="2" type="stmt"/>
      <line num="7" count="2" type="stmt"/>
      <line num="8" count="2" type="stmt"/>
      <line num="10" count="2" type="stmt"/>
      <line num="17" count="2" type="stmt"/>
      <line num="19" count="2" type="stmt"/>
      <line num="20" count="2" type="stmt"/>
      <line num="21" count="2" type="stmt"/>
      <line num="25" count="0" type="stmt"/>
      <line num="26" count="0" type="stmt"/>
      <line num="28" count="0" type="stmt"/>
      <line num="37" count="0" type="cond" truecount="0" falsecount="2"/>
      <line num="38" count="0" type="stmt"/>
      <line num="39" count="0" type="stmt"/>
      <line num="42" count="0" type="stmt"/>
      <line num="55" count="0" type="stmt"/>
      <line num="56" count="0" type="cond" truecount="0" falsecount="2"/>
      <line num="57" count="0" type="stmt"/>
      <line num="58" count="0" type="stmt"/>
      <line num="60" count="0" type="cond" truecount="0" falsecount="2"/>
      <line num="65" count="0" type="stmt"/>
      <line num="66" count="0" type="stmt"/>
      <line num="67" count="0" type="stmt"/>
      <line num="68" count="0" type="stmt"/>
      <line num="72" count="0" type="cond" truecount="0" falsecount="2"/>
      <line num="73" count="0" type="stmt"/>
      <line num="74" count="0" type="stmt"/>
      <line num="75" count="0" type="cond" truecount="0" falsecount="2"/>
      <line num="77" count="0" type="stmt"/>
      <line num="78" count="0" type="stmt"/>
      <line num="80" count="0" type="stmt"/>
      <line num="81" count="0" type="stmt"/>
      <line num="82" count="0" type="cond" truecount="0" falsecount="2"/>
      <line num="86" count="0" type="stmt"/>
      <line num="87" count="0" type="stmt"/>
      <line num="88" count="0" type="stmt"/>
      <line num="91" count="0" type="stmt"/>
      <line num="92" count="0" type="stmt"/>
      <line num="98" count="0" type="stmt"/>
      <line num="99" count="0" type="stmt"/>
      <line num="101" count="0" type="cond" truecount="0" falsecount="2"/>
      <line num="102" count="0" type="stmt"/>
      <line num="103" count="0" type="stmt"/>
      <line num="106" count="0" type="stmt"/>
      <line num="107" count="0" type="cond" truecount="0" falsecount="2"/>
      <line num="108" count="0" type="cond" truecount="0" falsecount="2"/>
      <line num="109" count="0" type="stmt"/>
      <line num="110" count="0" type="stmt"/>
      <line num="111" count="0" type="stmt"/>
      <line num="112" count="0" type="stmt"/>
      <line num="117" count="0" type="stmt"/>
      <line num="118" count="0" type="stmt"/>
      <line num="119" count="0" type="stmt"/>
      <line num="120" count="0" type="cond" truecount="0" falsecount="2"/>
      <line num="121" count="0" type="stmt"/>
      <line num="122" count="0" type="stmt"/>
      <line num="124" count="0" type="cond" truecount="0" falsecount="2"/>
      <line num="125" count="0" type="stmt"/>
      <line num="126" count="0" type="stmt"/>
      <line num="129" count="0" type="stmt"/>
      <line num="130" count="0" type="stmt"/>
      <line num="131" count="0" type="cond" truecount="0" falsecount="4"/>
      <line num="132" count="0" type="stmt"/>
      <line num="133" count="0" type="stmt"/>
      <line num="135" count="0" type="stmt"/>
      <line num="136" count="0" type="stmt"/>
      <line num="138" count="0" type="stmt"/>
      <line num="153" count="0" type="stmt"/>
      <line num="154" count="0" type="cond" truecount="0" falsecount="2"/>
      <line num="156" count="0" type="stmt"/>
      <line num="161" count="0" type="stmt"/>
      <line num="163" count="0" type="stmt"/>
      <line num="167" count="0" type="stmt"/>
      <line num="168" count="0" type="stmt"/>
      <line num="171" count="0" type="cond" truecount="0" falsecount="4"/>
      <line num="172" count="0" type="stmt"/>
      <line num="173" count="0" type="stmt"/>
      <line num="175" count="0" type="cond" truecount="0" falsecount="2"/>
      <line num="176" count="0" type="stmt"/>
      <line num="177" count="0" type="stmt"/>
      <line num="180" count="0" type="stmt"/>
      <line num="183" count="0" type="stmt"/>
      <line num="184" count="0" type="stmt"/>
      <line num="186" count="0" type="stmt"/>
      <line num="195" count="0" type="cond" truecount="0" falsecount="2"/>
      <line num="197" count="0" type="stmt"/>
      <line num="211" count="0" type="stmt"/>
      <line num="213" count="0" type="stmt"/>
      <line num="214" count="0" type="stmt"/>
      <line num="216" count="0" type="cond" truecount="0" falsecount="2"/>
      <line num="221" count="0" type="cond" truecount="0" falsecount="4"/>
      <line num="222" count="0" type="stmt"/>
      <line num="223" count="0" type="stmt"/>
      <line num="226" count="0" type="stmt"/>
      <line num="227" count="0" type="stmt"/>
      <line num="228" count="0" type="stmt"/>
      <line num="229" count="0" type="stmt"/>
      <line num="231" count="0" type="stmt"/>
      <line num="232" count="0" type="stmt"/>
      <line num="238" count="2" type="stmt"/>
    </file>
    <file name="pkgCentralService.js" path="C:\Users\julia\OneDrive\Documentos\tierra_en_calma_simulado\backend\pkgCentralService.js">
      <metrics statements="19" coveredstatements="4" conditionals="6" coveredconditionals="0" methods="2" coveredmethods="0"/>
      <line num="2" count="2" type="stmt"/>
      <line num="3" count="2" type="stmt"/>
      <line num="5" count="2" type="stmt"/>
      <line num="13" count="0" type="stmt"/>
      <line num="14" count="0" type="stmt"/>
      <line num="17" count="0" type="stmt"/>
      <line num="28" count="0" type="cond" truecount="0" falsecount="2"/>
      <line num="29" count="0" type="stmt"/>
      <line num="32" count="0" type="stmt"/>
      <line num="35" count="0" type="stmt"/>
      <line num="57" count="0" type="stmt"/>
      <line num="59" count="0" type="cond" truecount="0" falsecount="2"/>
      <line num="60" count="0" type="stmt"/>
      <line num="61" count="0" type="stmt"/>
      <line num="63" count="0" type="stmt"/>
      <line num="69" count="0" type="stmt"/>
      <line num="70" count="0" type="stmt"/>
      <line num="72" count="0" type="cond" truecount="0" falsecount="2"/>
      <line num="77" count="2" type="stmt"/>
    </file>
  </project>
</coverage>
