{"C:\\Users\\julia\\OneDrive\\Documentos\\tierra_en_calma_simulado\\backend\\SimuladorSensor.js": {"path":"C:\\Users\\julia\\OneDrive\\Documentos\\tierra_en_calma_simulado\\backend\\SimuladorSensor.js","statementMap":{"0":{"start":{"line":1,"column":15},"end":{"line":1,"column":19}},"1":{"start":{"line":2,"column":27},"end":{"line":2,"column":31}},"2":{"start":{"line":5,"column":2},"end":{"line":5,"column":32}},"3":{"start":{"line":6,"column":10},"end":{"line":6,"column":12}},"4":{"start":{"line":7,"column":10},"end":{"line":7,"column":12}},"5":{"start":{"line":9,"column":2},"end":{"line":9,"column":70}},"6":{"start":{"line":11,"column":2},"end":{"line":29,"column":14}},"7":{"start":{"line":13,"column":4},"end":{"line":13,"column":31}},"8":{"start":{"line":14,"column":4},"end":{"line":14,"column":35}},"9":{"start":{"line":16,"column":4},"end":{"line":16,"column":37}},"10":{"start":{"line":17,"column":4},"end":{"line":17,"column":37}},"11":{"start":{"line":19,"column":17},"end":{"line":19,"column":55}},"12":{"start":{"line":21,"column":4},"end":{"line":21,"column":48}},"13":{"start":{"line":23,"column":4},"end":{"line":27,"column":5}},"14":{"start":{"line":24,"column":6},"end":{"line":26,"column":9}},"15":{"start":{"line":25,"column":8},"end":{"line":25,"column":67}},"16":{"start":{"line":33,"column":2},"end":{"line":33,"column":40}},"17":{"start":{"line":33,"column":16},"end":{"line":33,"column":40}},"18":{"start":{"line":34,"column":2},"end":{"line":34,"column":32}},"19":{"start":{"line":37,"column":0},"end":{"line":37,"column":51}}},"fnMap":{"0":{"name":"startSimulator","decl":{"start":{"line":4,"column":9},"end":{"line":4,"column":23}},"loc":{"start":{"line":4,"column":65},"end":{"line":30,"column":1}},"line":4},"1":{"name":"(anonymous_1)","decl":{"start":{"line":11,"column":25},"end":{"line":11,"column":26}},"loc":{"start":{"line":11,"column":31},"end":{"line":29,"column":3}},"line":11},"2":{"name":"(anonymous_2)","decl":{"start":{"line":24,"column":56},"end":{"line":24,"column":57}},"loc":{"start":{"line":24,"column":63},"end":{"line":26,"column":7}},"line":24},"3":{"name":"stopSimulator","decl":{"start":{"line":32,"column":9},"end":{"line":32,"column":22}},"loc":{"start":{"line":32,"column":25},"end":{"line":35,"column":1}},"line":32}},"branchMap":{"0":{"loc":{"start":{"line":4,"column":24},"end":{"line":4,"column":63}},"type":"default-arg","locations":[{"start":{"line":4,"column":61},"end":{"line":4,"column":63}}],"line":4},"1":{"loc":{"start":{"line":4,"column":26},"end":{"line":4,"column":41}},"type":"default-arg","locations":[{"start":{"line":4,"column":36},"end":{"line":4,"column":41}}],"line":4},"2":{"loc":{"start":{"line":4,"column":43},"end":{"line":4,"column":56}},"type":"default-arg","locations":[{"start":{"line":4,"column":52},"end":{"line":4,"column":56}}],"line":4},"3":{"loc":{"start":{"line":23,"column":4},"end":{"line":27,"column":5}},"type":"if","locations":[{"start":{"line":23,"column":4},"end":{"line":27,"column":5}},{"start":{},"end":{}}],"line":23},"4":{"loc":{"start":{"line":33,"column":2},"end":{"line":33,"column":40}},"type":"if","locations":[{"start":{"line":33,"column":2},"end":{"line":33,"column":40}},{"start":{},"end":{}}],"line":33}},"s":{"0":32,"1":32,"2":12,"3":12,"4":12,"5":12,"6":12,"7":36,"8":36,"9":36,"10":36,"11":36,"12":36,"13":36,"14":30,"15":9,"16":12,"17":12,"18":12,"19":32},"f":{"0":12,"1":36,"2":9,"3":12},"b":{"0":[0],"1":[0],"2":[0],"3":[30,6],"4":[12,0]},"_coverageSchema":"1a1c01bbd47fc00a2c39e90264f33305004495a9","hash":"9cc6043e8897c543dda0759a7b1e71188f1a30ac"}
,"C:\\Users\\julia\\OneDrive\\Documentos\\tierra_en_calma_simulado\\backend\\app.js": {"path":"C:\\Users\\julia\\OneDrive\\Documentos\\tierra_en_calma_simulado\\backend\\app.js","statementMap":{"0":{"start":{"line":2,"column":0},"end":{"line":2,"column":27}},"1":{"start":{"line":3,"column":16},"end":{"line":3,"column":34}},"2":{"start":{"line":4,"column":19},"end":{"line":4,"column":41}},"3":{"start":{"line":5,"column":17},"end":{"line":5,"column":36}},"4":{"start":{"line":6,"column":13},"end":{"line":6,"column":28}},"5":{"start":{"line":7,"column":18},"end":{"line":7,"column":47}},"6":{"start":{"line":8,"column":13},"end":{"line":8,"column":30}},"7":{"start":{"line":9,"column":19},"end":{"line":9,"column":40}},"8":{"start":{"line":11,"column":13},"end":{"line":11,"column":33}},"9":{"start":{"line":12,"column":24},"end":{"line":12,"column":71}},"10":{"start":{"line":16,"column":20},"end":{"line":16,"column":44}},"11":{"start":{"line":17,"column":24},"end":{"line":17,"column":52}},"12":{"start":{"line":18,"column":26},"end":{"line":18,"column":56}},"13":{"start":{"line":21,"column":14},"end":{"line":21,"column":23}},"14":{"start":{"line":22,"column":2},"end":{"line":22,"column":18}},"15":{"start":{"line":23,"column":2},"end":{"line":23,"column":29}},"16":{"start":{"line":26,"column":19},"end":{"line":30,"column":3}},"17":{"start":{"line":33,"column":0},"end":{"line":100,"column":3}},"18":{"start":{"line":41,"column":6},"end":{"line":41,"column":14}},"19":{"start":{"line":44,"column":2},"end":{"line":55,"column":3}},"20":{"start":{"line":52,"column":4},"end":{"line":54,"column":7}},"21":{"start":{"line":58,"column":23},"end":{"line":58,"column":51}},"22":{"start":{"line":59,"column":2},"end":{"line":63,"column":3}},"23":{"start":{"line":60,"column":4},"end":{"line":62,"column":7}},"24":{"start":{"line":66,"column":2},"end":{"line":70,"column":3}},"25":{"start":{"line":67,"column":4},"end":{"line":69,"column":7}},"26":{"start":{"line":74,"column":2},"end":{"line":99,"column":3}},"27":{"start":{"line":75,"column":4},"end":{"line":75,"column":56}},"28":{"start":{"line":77,"column":4},"end":{"line":83,"column":6}},"29":{"start":{"line":85,"column":4},"end":{"line":85,"column":65}},"30":{"start":{"line":87,"column":4},"end":{"line":90,"column":7}},"31":{"start":{"line":92,"column":4},"end":{"line":98,"column":5}},"32":{"start":{"line":93,"column":6},"end":{"line":97,"column":7}},"33":{"start":{"line":94,"column":8},"end":{"line":94,"column":33}},"34":{"start":{"line":96,"column":8},"end":{"line":96,"column":78}},"35":{"start":{"line":102,"column":0},"end":{"line":153,"column":3}},"36":{"start":{"line":103,"column":45},"end":{"line":103,"column":53}},"37":{"start":{"line":105,"column":2},"end":{"line":109,"column":3}},"38":{"start":{"line":106,"column":4},"end":{"line":108,"column":7}},"39":{"start":{"line":113,"column":2},"end":{"line":152,"column":3}},"40":{"start":{"line":114,"column":4},"end":{"line":114,"column":56}},"41":{"start":{"line":116,"column":19},"end":{"line":123,"column":5}},"42":{"start":{"line":125,"column":4},"end":{"line":135,"column":5}},"43":{"start":{"line":126,"column":22},"end":{"line":126,"column":36}},"44":{"start":{"line":127,"column":21},"end":{"line":127,"column":76}},"45":{"start":{"line":128,"column":19},"end":{"line":128,"column":74}},"46":{"start":{"line":130,"column":6},"end":{"line":134,"column":9}},"47":{"start":{"line":137,"column":4},"end":{"line":139,"column":7}},"48":{"start":{"line":141,"column":4},"end":{"line":143,"column":7}},"49":{"start":{"line":145,"column":4},"end":{"line":151,"column":5}},"50":{"start":{"line":146,"column":6},"end":{"line":150,"column":7}},"51":{"start":{"line":147,"column":8},"end":{"line":147,"column":33}},"52":{"start":{"line":149,"column":8},"end":{"line":149,"column":70}},"53":{"start":{"line":156,"column":0},"end":{"line":192,"column":3}},"54":{"start":{"line":157,"column":38},"end":{"line":157,"column":46}},"55":{"start":{"line":159,"column":2},"end":{"line":161,"column":3}},"56":{"start":{"line":160,"column":4},"end":{"line":160,"column":73}},"57":{"start":{"line":163,"column":22},"end":{"line":169,"column":4}},"58":{"start":{"line":171,"column":22},"end":{"line":181,"column":3}},"59":{"start":{"line":183,"column":2},"end":{"line":191,"column":3}},"60":{"start":{"line":184,"column":4},"end":{"line":184,"column":44}},"61":{"start":{"line":185,"column":4},"end":{"line":185,"column":59}},"62":{"start":{"line":188,"column":4},"end":{"line":188,"column":50}},"63":{"start":{"line":190,"column":4},"end":{"line":190,"column":65}},"64":{"start":{"line":194,"column":0},"end":{"line":196,"column":3}},"65":{"start":{"line":195,"column":2},"end":{"line":195,"column":50}},"66":{"start":{"line":198,"column":0},"end":{"line":200,"column":3}},"67":{"start":{"line":199,"column":2},"end":{"line":199,"column":54}},"68":{"start":{"line":202,"column":0},"end":{"line":216,"column":3}},"69":{"start":{"line":203,"column":26},"end":{"line":203,"column":61}},"70":{"start":{"line":205,"column":2},"end":{"line":207,"column":3}},"71":{"start":{"line":206,"column":4},"end":{"line":206,"column":84}},"72":{"start":{"line":209,"column":2},"end":{"line":215,"column":3}},"73":{"start":{"line":210,"column":21},"end":{"line":210,"column":74}},"74":{"start":{"line":211,"column":4},"end":{"line":211,"column":55}},"75":{"start":{"line":213,"column":4},"end":{"line":213,"column":56}},"76":{"start":{"line":214,"column":4},"end":{"line":214,"column":90}},"77":{"start":{"line":220,"column":0},"end":{"line":259,"column":3}},"78":{"start":{"line":221,"column":36},"end":{"line":221,"column":44}},"79":{"start":{"line":225,"column":2},"end":{"line":229,"column":3}},"80":{"start":{"line":226,"column":4},"end":{"line":228,"column":7}},"81":{"start":{"line":231,"column":2},"end":{"line":258,"column":3}},"82":{"start":{"line":232,"column":4},"end":{"line":232,"column":56}},"83":{"start":{"line":234,"column":4},"end":{"line":240,"column":6}},"84":{"start":{"line":242,"column":4},"end":{"line":244,"column":7}},"85":{"start":{"line":246,"column":4},"end":{"line":246,"column":53}},"86":{"start":{"line":247,"column":4},"end":{"line":249,"column":7}},"87":{"start":{"line":251,"column":4},"end":{"line":257,"column":5}},"88":{"start":{"line":252,"column":6},"end":{"line":256,"column":7}},"89":{"start":{"line":253,"column":8},"end":{"line":253,"column":33}},"90":{"start":{"line":255,"column":8},"end":{"line":255,"column":83}},"91":{"start":{"line":260,"column":0},"end":{"line":289,"column":3}},"92":{"start":{"line":263,"column":2},"end":{"line":288,"column":3}},"93":{"start":{"line":264,"column":4},"end":{"line":264,"column":56}},"94":{"start":{"line":266,"column":19},"end":{"line":272,"column":5}},"95":{"start":{"line":274,"column":4},"end":{"line":274,"column":33}},"96":{"start":{"line":276,"column":4},"end":{"line":276,"column":61}},"97":{"start":{"line":277,"column":4},"end":{"line":279,"column":7}},"98":{"start":{"line":281,"column":4},"end":{"line":287,"column":5}},"99":{"start":{"line":282,"column":6},"end":{"line":286,"column":7}},"100":{"start":{"line":283,"column":8},"end":{"line":283,"column":33}},"101":{"start":{"line":285,"column":8},"end":{"line":285,"column":83}},"102":{"start":{"line":291,"column":0},"end":{"line":332,"column":3}},"103":{"start":{"line":292,"column":14},"end":{"line":292,"column":37}},"104":{"start":{"line":293,"column":25},"end":{"line":293,"column":66}},"105":{"start":{"line":294,"column":21},"end":{"line":294,"column":43}},"106":{"start":{"line":296,"column":2},"end":{"line":298,"column":3}},"107":{"start":{"line":297,"column":4},"end":{"line":297,"column":65}},"108":{"start":{"line":302,"column":2},"end":{"line":331,"column":3}},"109":{"start":{"line":303,"column":4},"end":{"line":303,"column":56}},"110":{"start":{"line":305,"column":19},"end":{"line":317,"column":5}},"111":{"start":{"line":319,"column":4},"end":{"line":319,"column":39}},"112":{"start":{"line":321,"column":4},"end":{"line":321,"column":68}},"113":{"start":{"line":322,"column":4},"end":{"line":322,"column":87}},"114":{"start":{"line":324,"column":4},"end":{"line":330,"column":5}},"115":{"start":{"line":325,"column":6},"end":{"line":329,"column":7}},"116":{"start":{"line":326,"column":8},"end":{"line":326,"column":33}},"117":{"start":{"line":328,"column":8},"end":{"line":328,"column":78}},"118":{"start":{"line":334,"column":2},"end":{"line":351,"column":5}},"119":{"start":{"line":335,"column":57},"end":{"line":335,"column":65}},"120":{"start":{"line":336,"column":4},"end":{"line":338,"column":5}},"121":{"start":{"line":337,"column":6},"end":{"line":337,"column":97}},"122":{"start":{"line":340,"column":4},"end":{"line":350,"column":5}},"123":{"start":{"line":341,"column":16},"end":{"line":346,"column":8}},"124":{"start":{"line":347,"column":6},"end":{"line":347,"column":79}},"125":{"start":{"line":349,"column":6},"end":{"line":349,"column":73}},"126":{"start":{"line":354,"column":2},"end":{"line":354,"column":74}},"127":{"start":{"line":358,"column":19},"end":{"line":358,"column":41}},"128":{"start":{"line":359,"column":30},"end":{"line":362,"column":4}},"129":{"start":{"line":359,"column":63},"end":{"line":362,"column":3}},"130":{"start":{"line":363,"column":2},"end":{"line":363,"column":49}},"131":{"start":{"line":367,"column":2},"end":{"line":367,"column":49}},"132":{"start":{"line":372,"column":0},"end":{"line":425,"column":3}},"133":{"start":{"line":373,"column":2},"end":{"line":424,"column":3}},"134":{"start":{"line":374,"column":23},"end":{"line":374,"column":61}},"135":{"start":{"line":375,"column":17},"end":{"line":375,"column":58}},"136":{"start":{"line":377,"column":48},"end":{"line":410,"column":6}},"137":{"start":{"line":412,"column":4},"end":{"line":412,"column":29}},"138":{"start":{"line":414,"column":4},"end":{"line":419,"column":7}},"139":{"start":{"line":422,"column":4},"end":{"line":422,"column":73}},"140":{"start":{"line":423,"column":4},"end":{"line":423,"column":85}},"141":{"start":{"line":429,"column":0},"end":{"line":444,"column":3}},"142":{"start":{"line":430,"column":26},"end":{"line":430,"column":61}},"143":{"start":{"line":432,"column":2},"end":{"line":434,"column":3}},"144":{"start":{"line":433,"column":4},"end":{"line":433,"column":84}},"145":{"start":{"line":436,"column":2},"end":{"line":443,"column":1}},"146":{"start":{"line":437,"column":19},"end":{"line":437,"column":80}},"147":{"start":{"line":438,"column":4},"end":{"line":438,"column":21}},"148":{"start":{"line":441,"column":2},"end":{"line":441,"column":54}},"149":{"start":{"line":442,"column":2},"end":{"line":442,"column":79}},"150":{"start":{"line":448,"column":0},"end":{"line":448,"column":11}},"151":{"start":{"line":451,"column":0},"end":{"line":451,"column":31}}},"fnMap":{"0":{"name":"createApp","decl":{"start":{"line":20,"column":9},"end":{"line":20,"column":18}},"loc":{"start":{"line":20,"column":21},"end":{"line":449,"column":1}},"line":20},"1":{"name":"(anonymous_1)","decl":{"start":{"line":33,"column":26},"end":{"line":33,"column":27}},"loc":{"start":{"line":33,"column":46},"end":{"line":100,"column":1}},"line":33},"2":{"name":"(anonymous_2)","decl":{"start":{"line":102,"column":23},"end":{"line":102,"column":24}},"loc":{"start":{"line":102,"column":43},"end":{"line":153,"column":1}},"line":102},"3":{"name":"(anonymous_3)","decl":{"start":{"line":156,"column":26},"end":{"line":156,"column":27}},"loc":{"start":{"line":156,"column":46},"end":{"line":192,"column":1}},"line":156},"4":{"name":"(anonymous_4)","decl":{"start":{"line":194,"column":22},"end":{"line":194,"column":23}},"loc":{"start":{"line":194,"column":36},"end":{"line":196,"column":1}},"line":194},"5":{"name":"(anonymous_5)","decl":{"start":{"line":198,"column":26},"end":{"line":198,"column":27}},"loc":{"start":{"line":198,"column":40},"end":{"line":200,"column":1}},"line":198},"6":{"name":"(anonymous_6)","decl":{"start":{"line":202,"column":28},"end":{"line":202,"column":29}},"loc":{"start":{"line":202,"column":48},"end":{"line":216,"column":1}},"line":202},"7":{"name":"(anonymous_7)","decl":{"start":{"line":220,"column":34},"end":{"line":220,"column":35}},"loc":{"start":{"line":220,"column":54},"end":{"line":259,"column":1}},"line":220},"8":{"name":"(anonymous_8)","decl":{"start":{"line":260,"column":24},"end":{"line":260,"column":25}},"loc":{"start":{"line":260,"column":44},"end":{"line":289,"column":1}},"line":260},"9":{"name":"(anonymous_9)","decl":{"start":{"line":291,"column":28},"end":{"line":291,"column":29}},"loc":{"start":{"line":291,"column":48},"end":{"line":332,"column":1}},"line":291},"10":{"name":"(anonymous_10)","decl":{"start":{"line":334,"column":28},"end":{"line":334,"column":29}},"loc":{"start":{"line":334,"column":48},"end":{"line":351,"column":3}},"line":334},"11":{"name":"convertirClavesAMayusculas","decl":{"start":{"line":357,"column":9},"end":{"line":357,"column":35}},"loc":{"start":{"line":357,"column":44},"end":{"line":364,"column":1}},"line":357},"12":{"name":"(anonymous_12)","decl":{"start":{"line":359,"column":43},"end":{"line":359,"column":44}},"loc":{"start":{"line":359,"column":63},"end":{"line":362,"column":3}},"line":359},"13":{"name":"normalizar","decl":{"start":{"line":366,"column":9},"end":{"line":366,"column":19}},"loc":{"start":{"line":366,"column":29},"end":{"line":368,"column":1}},"line":366},"14":{"name":"(anonymous_14)","decl":{"start":{"line":372,"column":29},"end":{"line":372,"column":30}},"loc":{"start":{"line":372,"column":49},"end":{"line":425,"column":1}},"line":372},"15":{"name":"(anonymous_15)","decl":{"start":{"line":429,"column":39},"end":{"line":429,"column":40}},"loc":{"start":{"line":429,"column":59},"end":{"line":444,"column":1}},"line":429}},"branchMap":{"0":{"loc":{"start":{"line":44,"column":2},"end":{"line":55,"column":3}},"type":"if","locations":[{"start":{"line":44,"column":2},"end":{"line":55,"column":3}},{"start":{},"end":{}}],"line":44},"1":{"loc":{"start":{"line":45,"column":4},"end":{"line":50,"column":15}},"type":"binary-expr","locations":[{"start":{"line":45,"column":4},"end":{"line":45,"column":28}},{"start":{"line":46,"column":4},"end":{"line":46,"column":11}},{"start":{"line":47,"column":4},"end":{"line":47,"column":13}},{"start":{"line":48,"column":4},"end":{"line":48,"column":13}},{"start":{"line":49,"column":4},"end":{"line":49,"column":23}},{"start":{"line":50,"column":4},"end":{"line":50,"column":15}}],"line":45},"2":{"loc":{"start":{"line":59,"column":2},"end":{"line":63,"column":3}},"type":"if","locations":[{"start":{"line":59,"column":2},"end":{"line":63,"column":3}},{"start":{},"end":{}}],"line":59},"3":{"loc":{"start":{"line":66,"column":2},"end":{"line":70,"column":3}},"type":"if","locations":[{"start":{"line":66,"column":2},"end":{"line":70,"column":3}},{"start":{},"end":{}}],"line":66},"4":{"loc":{"start":{"line":92,"column":4},"end":{"line":98,"column":5}},"type":"if","locations":[{"start":{"line":92,"column":4},"end":{"line":98,"column":5}},{"start":{},"end":{}}],"line":92},"5":{"loc":{"start":{"line":105,"column":2},"end":{"line":109,"column":3}},"type":"if","locations":[{"start":{"line":105,"column":2},"end":{"line":109,"column":3}},{"start":{},"end":{}}],"line":105},"6":{"loc":{"start":{"line":105,"column":6},"end":{"line":105,"column":40}},"type":"binary-expr","locations":[{"start":{"line":105,"column":6},"end":{"line":105,"column":25}},{"start":{"line":105,"column":29},"end":{"line":105,"column":40}}],"line":105},"7":{"loc":{"start":{"line":125,"column":4},"end":{"line":135,"column":5}},"type":"if","locations":[{"start":{"line":125,"column":4},"end":{"line":135,"column":5}},{"start":{},"end":{}}],"line":125},"8":{"loc":{"start":{"line":127,"column":22},"end":{"line":127,"column":54}},"type":"binary-expr","locations":[{"start":{"line":127,"column":22},"end":{"line":127,"column":48}},{"start":{"line":127,"column":52},"end":{"line":127,"column":54}}],"line":127},"9":{"loc":{"start":{"line":128,"column":19},"end":{"line":128,"column":74}},"type":"cond-expr","locations":[{"start":{"line":128,"column":58},"end":{"line":128,"column":65}},{"start":{"line":128,"column":68},"end":{"line":128,"column":74}}],"line":128},"10":{"loc":{"start":{"line":145,"column":4},"end":{"line":151,"column":5}},"type":"if","locations":[{"start":{"line":145,"column":4},"end":{"line":151,"column":5}},{"start":{},"end":{}}],"line":145},"11":{"loc":{"start":{"line":159,"column":2},"end":{"line":161,"column":3}},"type":"if","locations":[{"start":{"line":159,"column":2},"end":{"line":161,"column":3}},{"start":{},"end":{}}],"line":159},"12":{"loc":{"start":{"line":159,"column":6},"end":{"line":159,"column":36}},"type":"binary-expr","locations":[{"start":{"line":159,"column":6},"end":{"line":159,"column":13}},{"start":{"line":159,"column":17},"end":{"line":159,"column":24}},{"start":{"line":159,"column":28},"end":{"line":159,"column":36}}],"line":159},"13":{"loc":{"start":{"line":205,"column":2},"end":{"line":207,"column":3}},"type":"if","locations":[{"start":{"line":205,"column":2},"end":{"line":207,"column":3}},{"start":{},"end":{}}],"line":205},"14":{"loc":{"start":{"line":225,"column":2},"end":{"line":229,"column":3}},"type":"if","locations":[{"start":{"line":225,"column":2},"end":{"line":229,"column":3}},{"start":{},"end":{}}],"line":225},"15":{"loc":{"start":{"line":225,"column":6},"end":{"line":225,"column":31}},"type":"binary-expr","locations":[{"start":{"line":225,"column":6},"end":{"line":225,"column":17}},{"start":{"line":225,"column":21},"end":{"line":225,"column":31}}],"line":225},"16":{"loc":{"start":{"line":251,"column":4},"end":{"line":257,"column":5}},"type":"if","locations":[{"start":{"line":251,"column":4},"end":{"line":257,"column":5}},{"start":{},"end":{}}],"line":251},"17":{"loc":{"start":{"line":281,"column":4},"end":{"line":287,"column":5}},"type":"if","locations":[{"start":{"line":281,"column":4},"end":{"line":287,"column":5}},{"start":{},"end":{}}],"line":281},"18":{"loc":{"start":{"line":293,"column":25},"end":{"line":293,"column":66}},"type":"cond-expr","locations":[{"start":{"line":293,"column":51},"end":{"line":293,"column":61}},{"start":{"line":293,"column":64},"end":{"line":293,"column":66}}],"line":293},"19":{"loc":{"start":{"line":296,"column":2},"end":{"line":298,"column":3}},"type":"if","locations":[{"start":{"line":296,"column":2},"end":{"line":298,"column":3}},{"start":{},"end":{}}],"line":296},"20":{"loc":{"start":{"line":296,"column":6},"end":{"line":296,"column":60}},"type":"binary-expr","locations":[{"start":{"line":296,"column":6},"end":{"line":296,"column":27}},{"start":{"line":296,"column":31},"end":{"line":296,"column":60}}],"line":296},"21":{"loc":{"start":{"line":319,"column":20},"end":{"line":319,"column":37}},"type":"binary-expr","locations":[{"start":{"line":319,"column":20},"end":{"line":319,"column":31}},{"start":{"line":319,"column":35},"end":{"line":319,"column":37}}],"line":319},"22":{"loc":{"start":{"line":324,"column":4},"end":{"line":330,"column":5}},"type":"if","locations":[{"start":{"line":324,"column":4},"end":{"line":330,"column":5}},{"start":{},"end":{}}],"line":324},"23":{"loc":{"start":{"line":336,"column":4},"end":{"line":338,"column":5}},"type":"if","locations":[{"start":{"line":336,"column":4},"end":{"line":338,"column":5}},{"start":{},"end":{}}],"line":336},"24":{"loc":{"start":{"line":336,"column":8},"end":{"line":336,"column":45}},"type":"binary-expr","locations":[{"start":{"line":336,"column":8},"end":{"line":336,"column":26}},{"start":{"line":336,"column":30},"end":{"line":336,"column":36}},{"start":{"line":336,"column":40},"end":{"line":336,"column":45}}],"line":336},"25":{"loc":{"start":{"line":432,"column":2},"end":{"line":434,"column":3}},"type":"if","locations":[{"start":{"line":432,"column":2},"end":{"line":434,"column":3}},{"start":{},"end":{}}],"line":432}},"s":{"0":34,"1":34,"2":34,"3":34,"4":34,"5":34,"6":34,"7":34,"8":34,"9":34,"10":34,"11":34,"12":34,"13":33,"14":33,"15":33,"16":33,"17":33,"18":8,"19":8,"20":1,"21":7,"22":7,"23":1,"24":6,"25":1,"26":5,"27":5,"28":4,"29":2,"30":3,"31":5,"32":4,"33":4,"34":2,"35":33,"36":8,"37":8,"38":1,"39":7,"40":7,"41":6,"42":4,"43":2,"44":2,"45":2,"46":2,"47":2,"48":3,"49":7,"50":6,"51":6,"52":2,"53":33,"54":0,"55":0,"56":0,"57":0,"58":0,"59":0,"60":0,"61":0,"62":0,"63":0,"64":33,"65":0,"66":33,"67":0,"68":33,"69":0,"70":0,"71":0,"72":0,"73":0,"74":0,"75":0,"76":0,"77":33,"78":6,"79":6,"80":1,"81":5,"82":5,"83":4,"84":2,"85":3,"86":3,"87":5,"88":4,"89":4,"90":2,"91":33,"92":5,"93":5,"94":4,"95":2,"96":3,"97":3,"98":5,"99":4,"100":4,"101":2,"102":33,"103":6,"104":6,"105":6,"106":6,"107":1,"108":5,"109":5,"110":4,"111":3,"112":2,"113":2,"114":5,"115":4,"116":4,"117":1,"118":33,"119":0,"120":0,"121":0,"122":0,"123":0,"124":0,"125":0,"126":33,"127":0,"128":0,"129":0,"130":0,"131":0,"132":33,"133":0,"134":0,"135":0,"136":0,"137":0,"138":0,"139":0,"140":0,"141":33,"142":0,"143":0,"144":0,"145":0,"146":0,"147":0,"148":0,"149":0,"150":33,"151":34},"f":{"0":33,"1":8,"2":8,"3":0,"4":0,"5":0,"6":0,"7":6,"8":5,"9":6,"10":0,"11":0,"12":0,"13":0,"14":0,"15":0},"b":{"0":[1,7],"1":[8,8,8,8,8,8],"2":[1,6],"3":[1,5],"4":[4,1],"5":[1,7],"6":[8,8],"7":[2,2],"8":[2,0],"9":[1,1],"10":[6,1],"11":[0,0],"12":[0,0,0],"13":[0,0],"14":[1,5],"15":[6,6],"16":[4,1],"17":[4,1],"18":[6,0],"19":[1,5],"20":[6,6],"21":[3,1],"22":[4,1],"23":[0,0],"24":[0,0,0],"25":[0,0]},"_coverageSchema":"1a1c01bbd47fc00a2c39e90264f33305004495a9","hash":"ac4148dd7b42753b718b8717e5ce697fc5650f71"}
,"C:\\Users\\julia\\OneDrive\\Documentos\\tierra_en_calma_simulado\\backend\\cuidadosService.js": {"path":"C:\\Users\\julia\\OneDrive\\Documentos\\tierra_en_calma_simulado\\backend\\cuidadosService.js","statementMap":{"0":{"start":{"line":1,"column":17},"end":{"line":1,"column":36}},"1":{"start":{"line":2,"column":17},"end":{"line":6,"column":1}},"2":{"start":{"line":11,"column":12},"end":{"line":18,"column":3}},"3":{"start":{"line":19,"column":2},"end":{"line":19,"column":34}},"4":{"start":{"line":19,"column":22},"end":{"line":19,"column":34}},"5":{"start":{"line":20,"column":19},"end":{"line":20,"column":38}},"6":{"start":{"line":23,"column":12},"end":{"line":31,"column":3}},"7":{"start":{"line":32,"column":2},"end":{"line":32,"column":34}},"8":{"start":{"line":32,"column":22},"end":{"line":32,"column":34}},"9":{"start":{"line":33,"column":20},"end":{"line":33,"column":40}},"10":{"start":{"line":36,"column":12},"end":{"line":44,"column":3}},"11":{"start":{"line":45,"column":2},"end":{"line":45,"column":51}},"12":{"start":{"line":50,"column":2},"end":{"line":89,"column":3}},"13":{"start":{"line":51,"column":4},"end":{"line":51,"column":50}},"14":{"start":{"line":54,"column":20},"end":{"line":54,"column":83}},"15":{"start":{"line":56,"column":19},"end":{"line":73,"column":5}},"16":{"start":{"line":75,"column":16},"end":{"line":75,"column":39}},"17":{"start":{"line":76,"column":23},"end":{"line":76,"column":56}},"18":{"start":{"line":78,"column":4},"end":{"line":84,"column":7}},"19":{"start":{"line":86,"column":4},"end":{"line":86,"column":45}},"20":{"start":{"line":88,"column":4},"end":{"line":88,"column":50}},"21":{"start":{"line":88,"column":14},"end":{"line":88,"column":50}},"22":{"start":{"line":92,"column":0},"end":{"line":92,"column":34}}},"fnMap":{"0":{"name":"getUltimoIdRiegoPorPlantaUsuario","decl":{"start":{"line":9,"column":15},"end":{"line":9,"column":47}},"loc":{"start":{"line":9,"column":71},"end":{"line":46,"column":1}},"line":9},"1":{"name":"crearCuidado","decl":{"start":{"line":48,"column":15},"end":{"line":48,"column":27}},"loc":{"start":{"line":48,"column":81},"end":{"line":90,"column":1}},"line":48},"2":{"name":"(anonymous_2)","decl":{"start":{"line":88,"column":39},"end":{"line":88,"column":40}},"loc":{"start":{"line":88,"column":45},"end":{"line":88,"column":48}},"line":88}},"branchMap":{"0":{"loc":{"start":{"line":19,"column":2},"end":{"line":19,"column":34}},"type":"if","locations":[{"start":{"line":19,"column":2},"end":{"line":19,"column":34}},{"start":{},"end":{}}],"line":19},"1":{"loc":{"start":{"line":32,"column":2},"end":{"line":32,"column":34}},"type":"if","locations":[{"start":{"line":32,"column":2},"end":{"line":32,"column":34}},{"start":{},"end":{}}],"line":32},"2":{"loc":{"start":{"line":45,"column":9},"end":{"line":45,"column":50}},"type":"cond-expr","locations":[{"start":{"line":45,"column":25},"end":{"line":45,"column":43}},{"start":{"line":45,"column":46},"end":{"line":45,"column":50}}],"line":45},"3":{"loc":{"start":{"line":69,"column":17},"end":{"line":69,"column":32}},"type":"binary-expr","locations":[{"start":{"line":69,"column":17},"end":{"line":69,"column":24}},{"start":{"line":69,"column":28},"end":{"line":69,"column":32}}],"line":69},"4":{"loc":{"start":{"line":76,"column":23},"end":{"line":76,"column":56}},"type":"cond-expr","locations":[{"start":{"line":76,"column":44},"end":{"line":76,"column":50}},{"start":{"line":76,"column":53},"end":{"line":76,"column":56}}],"line":76},"5":{"loc":{"start":{"line":88,"column":4},"end":{"line":88,"column":50}},"type":"if","locations":[{"start":{"line":88,"column":4},"end":{"line":88,"column":50}},{"start":{},"end":{}}],"line":88}},"s":{"0":19,"1":19,"2":2,"3":2,"4":0,"5":2,"6":2,"7":2,"8":0,"9":2,"10":2,"11":2,"12":2,"13":2,"14":2,"15":2,"16":2,"17":2,"18":2,"19":2,"20":2,"21":2,"22":19},"f":{"0":2,"1":2,"2":0},"b":{"0":[0,2],"1":[0,2],"2":[0,2],"3":[2,2],"4":[2,0],"5":[2,0]},"_coverageSchema":"1a1c01bbd47fc00a2c39e90264f33305004495a9","hash":"89bee9454de65c5780c3452998d57cc57ce25b42"}
,"C:\\Users\\julia\\OneDrive\\Documentos\\tierra_en_calma_simulado\\backend\\mqttService.js": {"path":"C:\\Users\\julia\\OneDrive\\Documentos\\tierra_en_calma_simulado\\backend\\mqttService.js","statementMap":{"0":{"start":{"line":1,"column":13},"end":{"line":1,"column":28}},"1":{"start":{"line":2,"column":17},"end":{"line":2,"column":36}},"2":{"start":{"line":3,"column":42},"end":{"line":3,"column":70}},"3":{"start":{"line":6,"column":17},"end":{"line":6,"column":37}},"4":{"start":{"line":7,"column":16},"end":{"line":7,"column":18}},"5":{"start":{"line":8,"column":22},"end":{"line":8,"column":27}},"6":{"start":{"line":10,"column":17},"end":{"line":14,"column":1}},"7":{"start":{"line":17,"column":24},"end":{"line":17,"column":28}},"8":{"start":{"line":19,"column":21},"end":{"line":19,"column":22}},"9":{"start":{"line":20,"column":16},"end":{"line":20,"column":21}},"10":{"start":{"line":21,"column":27},"end":{"line":21,"column":37}},"11":{"start":{"line":25,"column":2},"end":{"line":61,"column":3}},"12":{"start":{"line":26,"column":4},"end":{"line":26,"column":50}},"13":{"start":{"line":28,"column":16},"end":{"line":35,"column":5}},"14":{"start":{"line":37,"column":4},"end":{"line":40,"column":5}},"15":{"start":{"line":38,"column":6},"end":{"line":38,"column":112}},"16":{"start":{"line":39,"column":6},"end":{"line":39,"column":35}},"17":{"start":{"line":42,"column":16},"end":{"line":53,"column":5}},"18":{"start":{"line":55,"column":16},"end":{"line":55,"column":35}},"19":{"start":{"line":56,"column":20},"end":{"line":56,"column":53}},"20":{"start":{"line":57,"column":4},"end":{"line":57,"column":86}},"21":{"start":{"line":58,"column":4},"end":{"line":58,"column":19}},"22":{"start":{"line":60,"column":4},"end":{"line":60,"column":50}},"23":{"start":{"line":60,"column":14},"end":{"line":60,"column":50}},"24":{"start":{"line":60,"column":20},"end":{"line":60,"column":39}},"25":{"start":{"line":65,"column":13},"end":{"line":65,"column":57}},"26":{"start":{"line":66,"column":2},"end":{"line":66,"column":25}},"27":{"start":{"line":67,"column":2},"end":{"line":67,"column":101}},"28":{"start":{"line":68,"column":2},"end":{"line":68,"column":12}},"29":{"start":{"line":72,"column":2},"end":{"line":94,"column":3}},"30":{"start":{"line":73,"column":4},"end":{"line":73,"column":27}},"31":{"start":{"line":74,"column":4},"end":{"line":74,"column":50}},"32":{"start":{"line":75,"column":4},"end":{"line":75,"column":88}},"33":{"start":{"line":77,"column":4},"end":{"line":77,"column":28}},"34":{"start":{"line":78,"column":4},"end":{"line":78,"column":46}},"35":{"start":{"line":80,"column":4},"end":{"line":84,"column":7}},"36":{"start":{"line":81,"column":6},"end":{"line":83,"column":9}},"37":{"start":{"line":82,"column":8},"end":{"line":82,"column":79}},"38":{"start":{"line":82,"column":17},"end":{"line":82,"column":79}},"39":{"start":{"line":86,"column":4},"end":{"line":89,"column":7}},"40":{"start":{"line":87,"column":19},"end":{"line":87,"column":37}},"41":{"start":{"line":88,"column":6},"end":{"line":88,"column":38}},"42":{"start":{"line":91,"column":4},"end":{"line":93,"column":7}},"43":{"start":{"line":92,"column":6},"end":{"line":92,"column":63}},"44":{"start":{"line":98,"column":2},"end":{"line":98,"column":20}},"45":{"start":{"line":99,"column":2},"end":{"line":99,"column":23}},"46":{"start":{"line":101,"column":2},"end":{"line":104,"column":3}},"47":{"start":{"line":102,"column":4},"end":{"line":102,"column":69}},"48":{"start":{"line":103,"column":4},"end":{"line":103,"column":11}},"49":{"start":{"line":106,"column":16},"end":{"line":106,"column":26}},"50":{"start":{"line":107,"column":2},"end":{"line":107,"column":24}},"51":{"start":{"line":107,"column":17},"end":{"line":107,"column":24}},"52":{"start":{"line":108,"column":2},"end":{"line":113,"column":3}},"53":{"start":{"line":109,"column":4},"end":{"line":109,"column":21}},"54":{"start":{"line":110,"column":4},"end":{"line":110,"column":33}},"55":{"start":{"line":111,"column":4},"end":{"line":111,"column":32}},"56":{"start":{"line":112,"column":4},"end":{"line":112,"column":22}},"57":{"start":{"line":117,"column":2},"end":{"line":164,"column":3}},"58":{"start":{"line":118,"column":18},"end":{"line":118,"column":48}},"59":{"start":{"line":119,"column":18},"end":{"line":119,"column":35}},"60":{"start":{"line":120,"column":4},"end":{"line":123,"column":5}},"61":{"start":{"line":121,"column":6},"end":{"line":121,"column":59}},"62":{"start":{"line":122,"column":6},"end":{"line":122,"column":13}},"63":{"start":{"line":124,"column":4},"end":{"line":127,"column":5}},"64":{"start":{"line":125,"column":6},"end":{"line":125,"column":75}},"65":{"start":{"line":126,"column":6},"end":{"line":126,"column":13}},"66":{"start":{"line":129,"column":24},"end":{"line":129,"column":63}},"67":{"start":{"line":130,"column":20},"end":{"line":130,"column":59}},"68":{"start":{"line":131,"column":4},"end":{"line":134,"column":5}},"69":{"start":{"line":132,"column":6},"end":{"line":132,"column":80}},"70":{"start":{"line":133,"column":6},"end":{"line":133,"column":13}},"71":{"start":{"line":135,"column":18},"end":{"line":135,"column":28}},"72":{"start":{"line":136,"column":17},"end":{"line":136,"column":55}},"73":{"start":{"line":138,"column":19},"end":{"line":151,"column":5}},"74":{"start":{"line":153,"column":16},"end":{"line":153,"column":39}},"75":{"start":{"line":154,"column":22},"end":{"line":154,"column":55}},"76":{"start":{"line":156,"column":4},"end":{"line":159,"column":6}},"77":{"start":{"line":161,"column":4},"end":{"line":161,"column":23}},"78":{"start":{"line":163,"column":4},"end":{"line":163,"column":55}},"79":{"start":{"line":167,"column":27},"end":{"line":167,"column":45}},"80":{"start":{"line":168,"column":26},"end":{"line":168,"column":43}},"81":{"start":{"line":171,"column":2},"end":{"line":174,"column":3}},"82":{"start":{"line":172,"column":4},"end":{"line":172,"column":47}},"83":{"start":{"line":173,"column":4},"end":{"line":173,"column":25}},"84":{"start":{"line":175,"column":2},"end":{"line":178,"column":3}},"85":{"start":{"line":176,"column":4},"end":{"line":176,"column":50}},"86":{"start":{"line":177,"column":4},"end":{"line":177,"column":25}},"87":{"start":{"line":180,"column":2},"end":{"line":180,"column":33}},"88":{"start":{"line":183,"column":2},"end":{"line":217,"column":3}},"89":{"start":{"line":184,"column":4},"end":{"line":184,"column":50}},"90":{"start":{"line":186,"column":16},"end":{"line":194,"column":5}},"91":{"start":{"line":195,"column":22},"end":{"line":195,"column":55}},"92":{"start":{"line":197,"column":4},"end":{"line":209,"column":6}},"93":{"start":{"line":211,"column":4},"end":{"line":211,"column":77}},"94":{"start":{"line":213,"column":4},"end":{"line":213,"column":53}},"95":{"start":{"line":214,"column":4},"end":{"line":214,"column":45}},"96":{"start":{"line":216,"column":4},"end":{"line":216,"column":51}},"97":{"start":{"line":216,"column":14},"end":{"line":216,"column":51}},"98":{"start":{"line":216,"column":20},"end":{"line":216,"column":39}},"99":{"start":{"line":221,"column":2},"end":{"line":224,"column":3}},"100":{"start":{"line":222,"column":4},"end":{"line":222,"column":54}},"101":{"start":{"line":223,"column":4},"end":{"line":223,"column":25}},"102":{"start":{"line":226,"column":2},"end":{"line":233,"column":3}},"103":{"start":{"line":227,"column":4},"end":{"line":227,"column":45}},"104":{"start":{"line":228,"column":4},"end":{"line":228,"column":80}},"105":{"start":{"line":229,"column":4},"end":{"line":229,"column":24}},"106":{"start":{"line":231,"column":4},"end":{"line":231,"column":73}},"107":{"start":{"line":232,"column":4},"end":{"line":232,"column":45}},"108":{"start":{"line":238,"column":0},"end":{"line":247,"column":2}}},"fnMap":{"0":{"name":"ensureSensorForPlanta","decl":{"start":{"line":23,"column":15},"end":{"line":23,"column":36}},"loc":{"start":{"line":23,"column":54},"end":{"line":62,"column":1}},"line":23},"1":{"name":"setSensorForPlanta","decl":{"start":{"line":64,"column":15},"end":{"line":64,"column":33}},"loc":{"start":{"line":64,"column":51},"end":{"line":69,"column":1}},"line":64},"2":{"name":"initMQTT","decl":{"start":{"line":71,"column":9},"end":{"line":71,"column":17}},"loc":{"start":{"line":71,"column":67},"end":{"line":95,"column":1}},"line":71},"3":{"name":"(anonymous_3)","decl":{"start":{"line":80,"column":25},"end":{"line":80,"column":26}},"loc":{"start":{"line":80,"column":31},"end":{"line":84,"column":5}},"line":80},"4":{"name":"(anonymous_4)","decl":{"start":{"line":81,"column":30},"end":{"line":81,"column":31}},"loc":{"start":{"line":81,"column":39},"end":{"line":83,"column":7}},"line":81},"5":{"name":"(anonymous_5)","decl":{"start":{"line":86,"column":25},"end":{"line":86,"column":26}},"loc":{"start":{"line":86,"column":60},"end":{"line":89,"column":5}},"line":86},"6":{"name":"(anonymous_6)","decl":{"start":{"line":91,"column":23},"end":{"line":91,"column":24}},"loc":{"start":{"line":91,"column":32},"end":{"line":93,"column":5}},"line":91},"7":{"name":"procesarDatoInterno","decl":{"start":{"line":97,"column":15},"end":{"line":97,"column":34}},"loc":{"start":{"line":97,"column":41},"end":{"line":114,"column":1}},"line":97},"8":{"name":"procesarDatoMQTT","decl":{"start":{"line":116,"column":15},"end":{"line":116,"column":31}},"loc":{"start":{"line":116,"column":38},"end":{"line":165,"column":1}},"line":116},"9":{"name":"getUltimoDato","decl":{"start":{"line":167,"column":9},"end":{"line":167,"column":22}},"loc":{"start":{"line":167,"column":25},"end":{"line":167,"column":47}},"line":167},"10":{"name":"getHistorial","decl":{"start":{"line":168,"column":9},"end":{"line":168,"column":21}},"loc":{"start":{"line":168,"column":24},"end":{"line":168,"column":45}},"line":168},"11":{"name":"enviarComandoRiego","decl":{"start":{"line":170,"column":15},"end":{"line":170,"column":33}},"loc":{"start":{"line":170,"column":59},"end":{"line":218,"column":1}},"line":170},"12":{"name":"enviarComandoFisicoRiego","decl":{"start":{"line":220,"column":15},"end":{"line":220,"column":39}},"loc":{"start":{"line":220,"column":42},"end":{"line":234,"column":1}},"line":220}},"branchMap":{"0":{"loc":{"start":{"line":37,"column":4},"end":{"line":40,"column":5}},"type":"if","locations":[{"start":{"line":37,"column":4},"end":{"line":40,"column":5}},{"start":{},"end":{}}],"line":37},"1":{"loc":{"start":{"line":56,"column":20},"end":{"line":56,"column":53}},"type":"cond-expr","locations":[{"start":{"line":56,"column":41},"end":{"line":56,"column":47}},{"start":{"line":56,"column":50},"end":{"line":56,"column":53}}],"line":56},"2":{"loc":{"start":{"line":60,"column":4},"end":{"line":60,"column":50}},"type":"if","locations":[{"start":{"line":60,"column":4},"end":{"line":60,"column":50}},{"start":{},"end":{}}],"line":60},"3":{"loc":{"start":{"line":71,"column":45},"end":{"line":71,"column":65}},"type":"default-arg","locations":[{"start":{"line":71,"column":60},"end":{"line":71,"column":65}}],"line":71},"4":{"loc":{"start":{"line":72,"column":2},"end":{"line":94,"column":3}},"type":"if","locations":[{"start":{"line":72,"column":2},"end":{"line":94,"column":3}},{"start":{"line":76,"column":9},"end":{"line":94,"column":3}}],"line":72},"5":{"loc":{"start":{"line":75,"column":30},"end":{"line":75,"column":55}},"type":"binary-expr","locations":[{"start":{"line":75,"column":30},"end":{"line":75,"column":46}},{"start":{"line":75,"column":50},"end":{"line":75,"column":55}}],"line":75},"6":{"loc":{"start":{"line":82,"column":8},"end":{"line":82,"column":79}},"type":"if","locations":[{"start":{"line":82,"column":8},"end":{"line":82,"column":79}},{"start":{},"end":{}}],"line":82},"7":{"loc":{"start":{"line":101,"column":2},"end":{"line":104,"column":3}},"type":"if","locations":[{"start":{"line":101,"column":2},"end":{"line":104,"column":3}},{"start":{},"end":{}}],"line":101},"8":{"loc":{"start":{"line":107,"column":2},"end":{"line":107,"column":24}},"type":"if","locations":[{"start":{"line":107,"column":2},"end":{"line":107,"column":24}},{"start":{},"end":{}}],"line":107},"9":{"loc":{"start":{"line":108,"column":2},"end":{"line":113,"column":3}},"type":"if","locations":[{"start":{"line":108,"column":2},"end":{"line":113,"column":3}},{"start":{},"end":{}}],"line":108},"10":{"loc":{"start":{"line":120,"column":4},"end":{"line":123,"column":5}},"type":"if","locations":[{"start":{"line":120,"column":4},"end":{"line":123,"column":5}},{"start":{},"end":{}}],"line":120},"11":{"loc":{"start":{"line":124,"column":4},"end":{"line":127,"column":5}},"type":"if","locations":[{"start":{"line":124,"column":4},"end":{"line":127,"column":5}},{"start":{},"end":{}}],"line":124},"12":{"loc":{"start":{"line":131,"column":4},"end":{"line":134,"column":5}},"type":"if","locations":[{"start":{"line":131,"column":4},"end":{"line":134,"column":5}},{"start":{},"end":{}}],"line":131},"13":{"loc":{"start":{"line":131,"column":8},"end":{"line":131,"column":44}},"type":"binary-expr","locations":[{"start":{"line":131,"column":8},"end":{"line":131,"column":26}},{"start":{"line":131,"column":30},"end":{"line":131,"column":44}}],"line":131},"14":{"loc":{"start":{"line":154,"column":22},"end":{"line":154,"column":55}},"type":"cond-expr","locations":[{"start":{"line":154,"column":43},"end":{"line":154,"column":49}},{"start":{"line":154,"column":52},"end":{"line":154,"column":55}}],"line":154},"15":{"loc":{"start":{"line":170,"column":34},"end":{"line":170,"column":57}},"type":"default-arg","locations":[{"start":{"line":170,"column":42},"end":{"line":170,"column":57}}],"line":170},"16":{"loc":{"start":{"line":171,"column":2},"end":{"line":174,"column":3}},"type":"if","locations":[{"start":{"line":171,"column":2},"end":{"line":174,"column":3}},{"start":{},"end":{}}],"line":171},"17":{"loc":{"start":{"line":171,"column":6},"end":{"line":171,"column":34}},"type":"binary-expr","locations":[{"start":{"line":171,"column":6},"end":{"line":171,"column":13}},{"start":{"line":171,"column":17},"end":{"line":171,"column":34}}],"line":171},"18":{"loc":{"start":{"line":175,"column":2},"end":{"line":178,"column":3}},"type":"if","locations":[{"start":{"line":175,"column":2},"end":{"line":178,"column":3}},{"start":{},"end":{}}],"line":175},"19":{"loc":{"start":{"line":195,"column":22},"end":{"line":195,"column":55}},"type":"binary-expr","locations":[{"start":{"line":195,"column":22},"end":{"line":195,"column":47}},{"start":{"line":195,"column":51},"end":{"line":195,"column":55}}],"line":195},"20":{"loc":{"start":{"line":216,"column":4},"end":{"line":216,"column":51}},"type":"if","locations":[{"start":{"line":216,"column":4},"end":{"line":216,"column":51}},{"start":{},"end":{}}],"line":216},"21":{"loc":{"start":{"line":221,"column":2},"end":{"line":224,"column":3}},"type":"if","locations":[{"start":{"line":221,"column":2},"end":{"line":224,"column":3}},{"start":{},"end":{}}],"line":221},"22":{"loc":{"start":{"line":221,"column":6},"end":{"line":221,"column":34}},"type":"binary-expr","locations":[{"start":{"line":221,"column":6},"end":{"line":221,"column":13}},{"start":{"line":221,"column":17},"end":{"line":221,"column":34}}],"line":221}},"s":{"0":26,"1":26,"2":26,"3":26,"4":26,"5":26,"6":26,"7":26,"8":26,"9":26,"10":26,"11":0,"12":0,"13":0,"14":0,"15":0,"16":0,"17":0,"18":0,"19":0,"20":0,"21":0,"22":0,"23":0,"24":0,"25":0,"26":0,"27":0,"28":0,"29":4,"30":4,"31":4,"32":4,"33":0,"34":0,"35":0,"36":0,"37":0,"38":0,"39":0,"40":0,"41":0,"42":0,"43":0,"44":5,"45":5,"46":5,"47":5,"48":5,"49":0,"50":0,"51":0,"52":0,"53":0,"54":0,"55":0,"56":0,"57":0,"58":0,"59":0,"60":0,"61":0,"62":0,"63":0,"64":0,"65":0,"66":0,"67":0,"68":0,"69":0,"70":0,"71":0,"72":0,"73":0,"74":0,"75":0,"76":0,"77":0,"78":0,"79":8,"80":8,"81":7,"82":7,"83":7,"84":0,"85":0,"86":0,"87":0,"88":0,"89":0,"90":0,"91":0,"92":0,"93":0,"94":0,"95":0,"96":0,"97":0,"98":0,"99":0,"100":0,"101":0,"102":0,"103":0,"104":0,"105":0,"106":0,"107":0,"108":26},"f":{"0":0,"1":0,"2":4,"3":0,"4":0,"5":0,"6":0,"7":5,"8":0,"9":8,"10":8,"11":7,"12":0},"b":{"0":[0,0],"1":[0,0],"2":[0,0],"3":[0],"4":[4,0],"5":[4,0],"6":[0,0],"7":[5,0],"8":[0,0],"9":[0,0],"10":[0,0],"11":[0,0],"12":[0,0],"13":[0,0],"14":[0,0],"15":[3],"16":[7,0],"17":[7,0],"18":[0,0],"19":[0,0],"20":[0,0],"21":[0,0],"22":[0,0]},"_coverageSchema":"1a1c01bbd47fc00a2c39e90264f33305004495a9","hash":"8e9fadee87373b878e539df9d48d31c2d3bf1a91"}
,"C:\\Users\\julia\\OneDrive\\Documentos\\tierra_en_calma_simulado\\backend\\pkgCentralService.js": {"path":"C:\\Users\\julia\\OneDrive\\Documentos\\tierra_en_calma_simulado\\backend\\pkgCentralService.js","statementMap":{"0":{"start":{"line":2,"column":17},"end":{"line":2,"column":36}},"1":{"start":{"line":3,"column":20},"end":{"line":3,"column":44}},"2":{"start":{"line":5,"column":17},"end":{"line":9,"column":1}},"3":{"start":{"line":13,"column":2},"end":{"line":73,"column":3}},"4":{"start":{"line":14,"column":4},"end":{"line":14,"column":50}},"5":{"start":{"line":17,"column":20},"end":{"line":26,"column":5}},"6":{"start":{"line":28,"column":4},"end":{"line":30,"column":5}},"7":{"start":{"line":29,"column":6},"end":{"line":29,"column":85}},"8":{"start":{"line":32,"column":37},"end":{"line":32,"column":52}},"9":{"start":{"line":35,"column":19},"end":{"line":55,"column":5}},"10":{"start":{"line":57,"column":20},"end":{"line":57,"column":43}},"11":{"start":{"line":59,"column":4},"end":{"line":62,"column":5}},"12":{"start":{"line":60,"column":6},"end":{"line":60,"column":70}},"13":{"start":{"line":61,"column":6},"end":{"line":61,"column":51}},"14":{"start":{"line":63,"column":4},"end":{"line":66,"column":6}},"15":{"start":{"line":69,"column":4},"end":{"line":69,"column":55}},"16":{"start":{"line":70,"column":4},"end":{"line":70,"column":72}},"17":{"start":{"line":72,"column":4},"end":{"line":72,"column":49}},"18":{"start":{"line":72,"column":14},"end":{"line":72,"column":49}},"19":{"start":{"line":77,"column":0},"end":{"line":77,"column":42}}},"fnMap":{"0":{"name":"verificarCondiciones","decl":{"start":{"line":11,"column":15},"end":{"line":11,"column":35}},"loc":{"start":{"line":11,"column":53},"end":{"line":74,"column":1}},"line":11},"1":{"name":"(anonymous_1)","decl":{"start":{"line":72,"column":39},"end":{"line":72,"column":40}},"loc":{"start":{"line":72,"column":45},"end":{"line":72,"column":47}},"line":72}},"branchMap":{"0":{"loc":{"start":{"line":28,"column":4},"end":{"line":30,"column":5}},"type":"if","locations":[{"start":{"line":28,"column":4},"end":{"line":30,"column":5}},{"start":{},"end":{}}],"line":28},"1":{"loc":{"start":{"line":59,"column":4},"end":{"line":62,"column":5}},"type":"if","locations":[{"start":{"line":59,"column":4},"end":{"line":62,"column":5}},{"start":{},"end":{}}],"line":59},"2":{"loc":{"start":{"line":72,"column":4},"end":{"line":72,"column":49}},"type":"if","locations":[{"start":{"line":72,"column":4},"end":{"line":72,"column":49}},{"start":{},"end":{}}],"line":72}},"s":{"0":19,"1":19,"2":19,"3":6,"4":6,"5":5,"6":5,"7":2,"8":3,"9":3,"10":3,"11":3,"12":0,"13":0,"14":3,"15":1,"16":1,"17":6,"18":5,"19":19},"f":{"0":6,"1":0},"b":{"0":[2,3],"1":[0,3],"2":[5,1]},"_coverageSchema":"1a1c01bbd47fc00a2c39e90264f33305004495a9","hash":"71a68a6c0754fe68a72f6531ae7f9d628ef5ba00"}
,"C:\\Users\\julia\\OneDrive\\Documentos\\tierra_en_calma_simulado\\backend\\server.js": {"path":"C:\\Users\\julia\\OneDrive\\Documentos\\tierra_en_calma_simulado\\backend\\server.js","statementMap":{"0":{"start":{"line":1,"column":0},"end":{"line":1,"column":27}},"1":{"start":{"line":2,"column":16},"end":{"line":2,"column":34}},"2":{"start":{"line":3,"column":19},"end":{"line":3,"column":41}},"3":{"start":{"line":4,"column":17},"end":{"line":4,"column":36}},"4":{"start":{"line":5,"column":13},"end":{"line":5,"column":28}},"5":{"start":{"line":6,"column":13},"end":{"line":6,"column":28}},"6":{"start":{"line":7,"column":18},"end":{"line":7,"column":47}},"7":{"start":{"line":8,"column":13},"end":{"line":8,"column":30}},"8":{"start":{"line":9,"column":24},"end":{"line":9,"column":51}},"9":{"start":{"line":10,"column":19},"end":{"line":10,"column":40}},"10":{"start":{"line":11,"column":20},"end":{"line":11,"column":44}},"11":{"start":{"line":12,"column":24},"end":{"line":12,"column":52}},"12":{"start":{"line":13,"column":26},"end":{"line":13,"column":56}},"13":{"start":{"line":15,"column":0},"end":{"line":15,"column":48}},"14":{"start":{"line":17,"column":12},"end":{"line":17,"column":21}},"15":{"start":{"line":18,"column":0},"end":{"line":18,"column":16}},"16":{"start":{"line":19,"column":0},"end":{"line":19,"column":27}},"17":{"start":{"line":30,"column":16},"end":{"line":30,"column":47}},"18":{"start":{"line":33,"column":17},"end":{"line":37,"column":1}},"19":{"start":{"line":41,"column":2},"end":{"line":41,"column":47}},"20":{"start":{"line":42,"column":2},"end":{"line":50,"column":3}},"21":{"start":{"line":43,"column":17},"end":{"line":43,"column":55}},"22":{"start":{"line":44,"column":19},"end":{"line":44,"column":81}},"23":{"start":{"line":45,"column":4},"end":{"line":45,"column":67}},"24":{"start":{"line":46,"column":4},"end":{"line":46,"column":23}},"25":{"start":{"line":48,"column":4},"end":{"line":48,"column":74}},"26":{"start":{"line":49,"column":4},"end":{"line":49,"column":57}},"27":{"start":{"line":54,"column":0},"end":{"line":81,"column":3}},"28":{"start":{"line":55,"column":85},"end":{"line":55,"column":93}},"29":{"start":{"line":56,"column":2},"end":{"line":80,"column":3}},"30":{"start":{"line":57,"column":23},"end":{"line":57,"column":61}},"31":{"start":{"line":59,"column":19},"end":{"line":65,"column":5}},"32":{"start":{"line":67,"column":4},"end":{"line":67,"column":47}},"33":{"start":{"line":68,"column":4},"end":{"line":68,"column":29}},"34":{"start":{"line":70,"column":4},"end":{"line":70,"column":58}},"35":{"start":{"line":73,"column":4},"end":{"line":73,"column":56}},"36":{"start":{"line":74,"column":4},"end":{"line":74,"column":57}},"37":{"start":{"line":75,"column":4},"end":{"line":75,"column":45}},"38":{"start":{"line":76,"column":4},"end":{"line":79,"column":7}},"39":{"start":{"line":84,"column":0},"end":{"line":126,"column":3}},"40":{"start":{"line":85,"column":45},"end":{"line":85,"column":53}},"41":{"start":{"line":87,"column":2},"end":{"line":125,"column":3}},"42":{"start":{"line":88,"column":23},"end":{"line":88,"column":61}},"43":{"start":{"line":90,"column":19},"end":{"line":97,"column":5}},"44":{"start":{"line":99,"column":4},"end":{"line":99,"column":29}},"45":{"start":{"line":101,"column":4},"end":{"line":118,"column":5}},"46":{"start":{"line":102,"column":22},"end":{"line":102,"column":36}},"47":{"start":{"line":103,"column":21},"end":{"line":103,"column":76}},"48":{"start":{"line":106,"column":19},"end":{"line":106,"column":74}},"49":{"start":{"line":108,"column":6},"end":{"line":108,"column":65}},"50":{"start":{"line":110,"column":6},"end":{"line":114,"column":9}},"51":{"start":{"line":116,"column":6},"end":{"line":116,"column":70}},"52":{"start":{"line":117,"column":6},"end":{"line":117,"column":66}},"53":{"start":{"line":121,"column":4},"end":{"line":121,"column":37}},"54":{"start":{"line":122,"column":4},"end":{"line":122,"column":57}},"55":{"start":{"line":123,"column":4},"end":{"line":123,"column":45}},"56":{"start":{"line":124,"column":4},"end":{"line":124,"column":63}},"57":{"start":{"line":130,"column":0},"end":{"line":166,"column":3}},"58":{"start":{"line":131,"column":38},"end":{"line":131,"column":46}},"59":{"start":{"line":133,"column":2},"end":{"line":135,"column":3}},"60":{"start":{"line":134,"column":4},"end":{"line":134,"column":73}},"61":{"start":{"line":138,"column":22},"end":{"line":144,"column":4}},"62":{"start":{"line":146,"column":22},"end":{"line":156,"column":3}},"63":{"start":{"line":158,"column":2},"end":{"line":165,"column":3}},"64":{"start":{"line":159,"column":4},"end":{"line":159,"column":44}},"65":{"start":{"line":160,"column":4},"end":{"line":160,"column":72}},"66":{"start":{"line":161,"column":4},"end":{"line":161,"column":59}},"67":{"start":{"line":163,"column":4},"end":{"line":163,"column":50}},"68":{"start":{"line":164,"column":4},"end":{"line":164,"column":65}},"69":{"start":{"line":171,"column":0},"end":{"line":176,"column":1}},"70":{"start":{"line":172,"column":2},"end":{"line":175,"column":29}},"71":{"start":{"line":178,"column":0},"end":{"line":180,"column":3}},"72":{"start":{"line":179,"column":2},"end":{"line":179,"column":50}},"73":{"start":{"line":182,"column":0},"end":{"line":184,"column":3}},"74":{"start":{"line":183,"column":2},"end":{"line":183,"column":54}},"75":{"start":{"line":186,"column":0},"end":{"line":190,"column":3}},"76":{"start":{"line":187,"column":18},"end":{"line":187,"column":50}},"77":{"start":{"line":188,"column":2},"end":{"line":189,"column":71}},"78":{"start":{"line":188,"column":15},"end":{"line":188,"column":65}},"79":{"start":{"line":189,"column":7},"end":{"line":189,"column":71}},"80":{"start":{"line":192,"column":0},"end":{"line":204,"column":3}},"81":{"start":{"line":193,"column":26},"end":{"line":193,"column":61}},"82":{"start":{"line":194,"column":2},"end":{"line":196,"column":3}},"83":{"start":{"line":195,"column":4},"end":{"line":195,"column":84}},"84":{"start":{"line":197,"column":2},"end":{"line":203,"column":3}},"85":{"start":{"line":198,"column":21},"end":{"line":198,"column":74}},"86":{"start":{"line":199,"column":4},"end":{"line":199,"column":55}},"87":{"start":{"line":201,"column":4},"end":{"line":201,"column":44}},"88":{"start":{"line":202,"column":4},"end":{"line":202,"column":90}},"89":{"start":{"line":207,"column":0},"end":{"line":216,"column":3}},"90":{"start":{"line":208,"column":2},"end":{"line":215,"column":3}},"91":{"start":{"line":209,"column":4},"end":{"line":209,"column":45}},"92":{"start":{"line":210,"column":4},"end":{"line":210,"column":66}},"93":{"start":{"line":211,"column":4},"end":{"line":211,"column":66}},"94":{"start":{"line":213,"column":4},"end":{"line":213,"column":52}},"95":{"start":{"line":214,"column":4},"end":{"line":214,"column":65}},"96":{"start":{"line":218,"column":0},"end":{"line":242,"column":3}},"97":{"start":{"line":219,"column":36},"end":{"line":219,"column":44}},"98":{"start":{"line":221,"column":2},"end":{"line":241,"column":3}},"99":{"start":{"line":222,"column":23},"end":{"line":222,"column":61}},"100":{"start":{"line":224,"column":4},"end":{"line":230,"column":6}},"101":{"start":{"line":232,"column":4},"end":{"line":232,"column":29}},"102":{"start":{"line":233,"column":4},"end":{"line":233,"column":84}},"103":{"start":{"line":234,"column":4},"end":{"line":234,"column":70}},"104":{"start":{"line":237,"column":4},"end":{"line":237,"column":48}},"105":{"start":{"line":238,"column":4},"end":{"line":238,"column":57}},"106":{"start":{"line":239,"column":4},"end":{"line":239,"column":45}},"107":{"start":{"line":240,"column":4},"end":{"line":240,"column":65}},"108":{"start":{"line":245,"column":0},"end":{"line":264,"column":3}},"109":{"start":{"line":246,"column":2},"end":{"line":263,"column":3}},"110":{"start":{"line":247,"column":23},"end":{"line":247,"column":61}},"111":{"start":{"line":248,"column":19},"end":{"line":254,"column":5}},"112":{"start":{"line":256,"column":4},"end":{"line":256,"column":29}},"113":{"start":{"line":257,"column":4},"end":{"line":257,"column":26}},"114":{"start":{"line":259,"column":4},"end":{"line":259,"column":47}},"115":{"start":{"line":260,"column":4},"end":{"line":260,"column":57}},"116":{"start":{"line":261,"column":4},"end":{"line":261,"column":45}},"117":{"start":{"line":262,"column":4},"end":{"line":262,"column":76}},"118":{"start":{"line":267,"column":0},"end":{"line":298,"column":3}},"119":{"start":{"line":268,"column":14},"end":{"line":268,"column":37}},"120":{"start":{"line":269,"column":21},"end":{"line":269,"column":32}},"121":{"start":{"line":270,"column":2},"end":{"line":272,"column":3}},"122":{"start":{"line":271,"column":4},"end":{"line":271,"column":65}},"123":{"start":{"line":275,"column":2},"end":{"line":297,"column":3}},"124":{"start":{"line":276,"column":4},"end":{"line":276,"column":56}},"125":{"start":{"line":277,"column":19},"end":{"line":289,"column":5}},"126":{"start":{"line":291,"column":4},"end":{"line":291,"column":32}},"127":{"start":{"line":293,"column":4},"end":{"line":293,"column":64}},"128":{"start":{"line":294,"column":4},"end":{"line":294,"column":80}},"129":{"start":{"line":296,"column":4},"end":{"line":296,"column":63}},"130":{"start":{"line":296,"column":20},"end":{"line":296,"column":63}},"131":{"start":{"line":296,"column":26},"end":{"line":296,"column":51}},"132":{"start":{"line":301,"column":0},"end":{"line":319,"column":3}},"133":{"start":{"line":302,"column":55},"end":{"line":302,"column":63}},"134":{"start":{"line":303,"column":2},"end":{"line":305,"column":3}},"135":{"start":{"line":304,"column":4},"end":{"line":304,"column":95}},"136":{"start":{"line":307,"column":2},"end":{"line":318,"column":3}},"137":{"start":{"line":308,"column":14},"end":{"line":313,"column":6}},"138":{"start":{"line":314,"column":4},"end":{"line":314,"column":77}},"139":{"start":{"line":316,"column":4},"end":{"line":316,"column":55}},"140":{"start":{"line":317,"column":4},"end":{"line":317,"column":71}},"141":{"start":{"line":322,"column":0},"end":{"line":322,"column":72}},"142":{"start":{"line":325,"column":0},"end":{"line":327,"column":3}},"143":{"start":{"line":326,"column":2},"end":{"line":326,"column":59}},"144":{"start":{"line":329,"column":0},"end":{"line":331,"column":3}},"145":{"start":{"line":330,"column":2},"end":{"line":330,"column":44}},"146":{"start":{"line":334,"column":0},"end":{"line":395,"column":3}},"147":{"start":{"line":335,"column":2},"end":{"line":394,"column":3}},"148":{"start":{"line":336,"column":23},"end":{"line":336,"column":61}},"149":{"start":{"line":337,"column":17},"end":{"line":337,"column":58}},"150":{"start":{"line":340,"column":48},"end":{"line":373,"column":6}},"151":{"start":{"line":375,"column":4},"end":{"line":375,"column":29}},"152":{"start":{"line":377,"column":4},"end":{"line":377,"column":96}},"153":{"start":{"line":380,"column":23},"end":{"line":383,"column":7}},"154":{"start":{"line":381,"column":6},"end":{"line":383,"column":7}},"155":{"start":{"line":382,"column":8},"end":{"line":382,"column":83}},"156":{"start":{"line":382,"column":61},"end":{"line":382,"column":81}},"157":{"start":{"line":385,"column":4},"end":{"line":390,"column":7}},"158":{"start":{"line":392,"column":4},"end":{"line":392,"column":61}},"159":{"start":{"line":393,"column":4},"end":{"line":393,"column":85}},"160":{"start":{"line":398,"column":0},"end":{"line":411,"column":3}},"161":{"start":{"line":399,"column":26},"end":{"line":399,"column":61}},"162":{"start":{"line":400,"column":2},"end":{"line":402,"column":3}},"163":{"start":{"line":401,"column":4},"end":{"line":401,"column":84}},"164":{"start":{"line":404,"column":2},"end":{"line":410,"column":3}},"165":{"start":{"line":405,"column":19},"end":{"line":405,"column":80}},"166":{"start":{"line":406,"column":4},"end":{"line":406,"column":21}},"167":{"start":{"line":408,"column":4},"end":{"line":408,"column":68}},"168":{"start":{"line":409,"column":4},"end":{"line":409,"column":81}},"169":{"start":{"line":413,"column":0},"end":{"line":413,"column":69}},"170":{"start":{"line":415,"column":0},"end":{"line":419,"column":3}},"171":{"start":{"line":416,"column":2},"end":{"line":418,"column":3}},"172":{"start":{"line":417,"column":4},"end":{"line":417,"column":51}},"173":{"start":{"line":423,"column":0},"end":{"line":433,"column":1}},"174":{"start":{"line":424,"column":15},"end":{"line":424,"column":39}},"175":{"start":{"line":425,"column":2},"end":{"line":432,"column":5}},"176":{"start":{"line":426,"column":4},"end":{"line":426,"column":74}},"177":{"start":{"line":427,"column":4},"end":{"line":427,"column":77}},"178":{"start":{"line":430,"column":4},"end":{"line":430,"column":61}},"179":{"start":{"line":431,"column":4},"end":{"line":431,"column":63}},"180":{"start":{"line":436,"column":0},"end":{"line":436,"column":21}}},"fnMap":{"0":{"name":"probarConexionOracle","decl":{"start":{"line":40,"column":15},"end":{"line":40,"column":35}},"loc":{"start":{"line":40,"column":38},"end":{"line":51,"column":1}},"line":40},"1":{"name":"(anonymous_1)","decl":{"start":{"line":54,"column":26},"end":{"line":54,"column":27}},"loc":{"start":{"line":54,"column":46},"end":{"line":81,"column":1}},"line":54},"2":{"name":"(anonymous_2)","decl":{"start":{"line":84,"column":23},"end":{"line":84,"column":24}},"loc":{"start":{"line":84,"column":43},"end":{"line":126,"column":1}},"line":84},"3":{"name":"(anonymous_3)","decl":{"start":{"line":130,"column":26},"end":{"line":130,"column":27}},"loc":{"start":{"line":130,"column":46},"end":{"line":166,"column":1}},"line":130},"4":{"name":"(anonymous_4)","decl":{"start":{"line":178,"column":22},"end":{"line":178,"column":23}},"loc":{"start":{"line":178,"column":36},"end":{"line":180,"column":1}},"line":178},"5":{"name":"(anonymous_5)","decl":{"start":{"line":182,"column":26},"end":{"line":182,"column":27}},"loc":{"start":{"line":182,"column":40},"end":{"line":184,"column":1}},"line":182},"6":{"name":"(anonymous_6)","decl":{"start":{"line":186,"column":23},"end":{"line":186,"column":24}},"loc":{"start":{"line":186,"column":37},"end":{"line":190,"column":1}},"line":186},"7":{"name":"(anonymous_7)","decl":{"start":{"line":192,"column":28},"end":{"line":192,"column":29}},"loc":{"start":{"line":192,"column":48},"end":{"line":204,"column":1}},"line":192},"8":{"name":"(anonymous_8)","decl":{"start":{"line":207,"column":23},"end":{"line":207,"column":24}},"loc":{"start":{"line":207,"column":37},"end":{"line":216,"column":1}},"line":207},"9":{"name":"(anonymous_9)","decl":{"start":{"line":218,"column":34},"end":{"line":218,"column":35}},"loc":{"start":{"line":218,"column":54},"end":{"line":242,"column":1}},"line":218},"10":{"name":"(anonymous_10)","decl":{"start":{"line":245,"column":24},"end":{"line":245,"column":25}},"loc":{"start":{"line":245,"column":44},"end":{"line":264,"column":1}},"line":245},"11":{"name":"(anonymous_11)","decl":{"start":{"line":267,"column":28},"end":{"line":267,"column":29}},"loc":{"start":{"line":267,"column":48},"end":{"line":298,"column":1}},"line":267},"12":{"name":"(anonymous_12)","decl":{"start":{"line":301,"column":26},"end":{"line":301,"column":27}},"loc":{"start":{"line":301,"column":46},"end":{"line":319,"column":1}},"line":301},"13":{"name":"(anonymous_13)","decl":{"start":{"line":325,"column":33},"end":{"line":325,"column":34}},"loc":{"start":{"line":325,"column":54},"end":{"line":327,"column":1}},"line":325},"14":{"name":"(anonymous_14)","decl":{"start":{"line":329,"column":32},"end":{"line":329,"column":33}},"loc":{"start":{"line":329,"column":41},"end":{"line":331,"column":1}},"line":329},"15":{"name":"(anonymous_15)","decl":{"start":{"line":334,"column":29},"end":{"line":334,"column":30}},"loc":{"start":{"line":334,"column":49},"end":{"line":395,"column":1}},"line":334},"16":{"name":"(anonymous_16)","decl":{"start":{"line":380,"column":23},"end":{"line":380,"column":24}},"loc":{"start":{"line":381,"column":6},"end":{"line":383,"column":7}},"line":381},"17":{"name":"(anonymous_17)","decl":{"start":{"line":381,"column":14},"end":{"line":381,"column":15}},"loc":{"start":{"line":382,"column":8},"end":{"line":382,"column":83}},"line":382},"18":{"name":"(anonymous_18)","decl":{"start":{"line":382,"column":49},"end":{"line":382,"column":50}},"loc":{"start":{"line":382,"column":61},"end":{"line":382,"column":81}},"line":382},"19":{"name":"(anonymous_19)","decl":{"start":{"line":398,"column":39},"end":{"line":398,"column":40}},"loc":{"start":{"line":398,"column":59},"end":{"line":411,"column":1}},"line":398},"20":{"name":"(anonymous_20)","decl":{"start":{"line":415,"column":26},"end":{"line":415,"column":27}},"loc":{"start":{"line":415,"column":31},"end":{"line":419,"column":1}},"line":415},"21":{"name":"(anonymous_21)","decl":{"start":{"line":425,"column":19},"end":{"line":425,"column":20}},"loc":{"start":{"line":425,"column":25},"end":{"line":432,"column":3}},"line":425}},"branchMap":{"0":{"loc":{"start":{"line":49,"column":29},"end":{"line":49,"column":53}},"type":"binary-expr","locations":[{"start":{"line":49,"column":29},"end":{"line":49,"column":41}},{"start":{"line":49,"column":45},"end":{"line":49,"column":53}}],"line":49},"1":{"loc":{"start":{"line":74,"column":29},"end":{"line":74,"column":53}},"type":"binary-expr","locations":[{"start":{"line":74,"column":29},"end":{"line":74,"column":41}},{"start":{"line":74,"column":45},"end":{"line":74,"column":53}}],"line":74},"2":{"loc":{"start":{"line":101,"column":4},"end":{"line":118,"column":5}},"type":"if","locations":[{"start":{"line":101,"column":4},"end":{"line":118,"column":5}},{"start":{"line":115,"column":11},"end":{"line":118,"column":5}}],"line":101},"3":{"loc":{"start":{"line":103,"column":22},"end":{"line":103,"column":54}},"type":"binary-expr","locations":[{"start":{"line":103,"column":22},"end":{"line":103,"column":48}},{"start":{"line":103,"column":52},"end":{"line":103,"column":54}}],"line":103},"4":{"loc":{"start":{"line":106,"column":19},"end":{"line":106,"column":74}},"type":"cond-expr","locations":[{"start":{"line":106,"column":58},"end":{"line":106,"column":65}},{"start":{"line":106,"column":68},"end":{"line":106,"column":74}}],"line":106},"5":{"loc":{"start":{"line":122,"column":29},"end":{"line":122,"column":53}},"type":"binary-expr","locations":[{"start":{"line":122,"column":29},"end":{"line":122,"column":41}},{"start":{"line":122,"column":45},"end":{"line":122,"column":53}}],"line":122},"6":{"loc":{"start":{"line":133,"column":2},"end":{"line":135,"column":3}},"type":"if","locations":[{"start":{"line":133,"column":2},"end":{"line":135,"column":3}},{"start":{},"end":{}}],"line":133},"7":{"loc":{"start":{"line":133,"column":6},"end":{"line":133,"column":36}},"type":"binary-expr","locations":[{"start":{"line":133,"column":6},"end":{"line":133,"column":13}},{"start":{"line":133,"column":17},"end":{"line":133,"column":24}},{"start":{"line":133,"column":28},"end":{"line":133,"column":36}}],"line":133},"8":{"loc":{"start":{"line":171,"column":0},"end":{"line":176,"column":1}},"type":"if","locations":[{"start":{"line":171,"column":0},"end":{"line":176,"column":1}},{"start":{},"end":{}}],"line":171},"9":{"loc":{"start":{"line":188,"column":2},"end":{"line":189,"column":71}},"type":"if","locations":[{"start":{"line":188,"column":2},"end":{"line":189,"column":71}},{"start":{"line":189,"column":7},"end":{"line":189,"column":71}}],"line":188},"10":{"loc":{"start":{"line":194,"column":2},"end":{"line":196,"column":3}},"type":"if","locations":[{"start":{"line":194,"column":2},"end":{"line":196,"column":3}},{"start":{},"end":{}}],"line":194},"11":{"loc":{"start":{"line":238,"column":29},"end":{"line":238,"column":53}},"type":"binary-expr","locations":[{"start":{"line":238,"column":29},"end":{"line":238,"column":41}},{"start":{"line":238,"column":45},"end":{"line":238,"column":53}}],"line":238},"12":{"loc":{"start":{"line":260,"column":29},"end":{"line":260,"column":53}},"type":"binary-expr","locations":[{"start":{"line":260,"column":29},"end":{"line":260,"column":41}},{"start":{"line":260,"column":45},"end":{"line":260,"column":53}}],"line":260},"13":{"loc":{"start":{"line":270,"column":2},"end":{"line":272,"column":3}},"type":"if","locations":[{"start":{"line":270,"column":2},"end":{"line":272,"column":3}},{"start":{},"end":{}}],"line":270},"14":{"loc":{"start":{"line":291,"column":13},"end":{"line":291,"column":30}},"type":"binary-expr","locations":[{"start":{"line":291,"column":13},"end":{"line":291,"column":24}},{"start":{"line":291,"column":28},"end":{"line":291,"column":30}}],"line":291},"15":{"loc":{"start":{"line":296,"column":4},"end":{"line":296,"column":63}},"type":"if","locations":[{"start":{"line":296,"column":4},"end":{"line":296,"column":63}},{"start":{},"end":{}}],"line":296},"16":{"loc":{"start":{"line":303,"column":2},"end":{"line":305,"column":3}},"type":"if","locations":[{"start":{"line":303,"column":2},"end":{"line":305,"column":3}},{"start":{},"end":{}}],"line":303},"17":{"loc":{"start":{"line":303,"column":6},"end":{"line":303,"column":43}},"type":"binary-expr","locations":[{"start":{"line":303,"column":6},"end":{"line":303,"column":24}},{"start":{"line":303,"column":28},"end":{"line":303,"column":34}},{"start":{"line":303,"column":38},"end":{"line":303,"column":43}}],"line":303},"18":{"loc":{"start":{"line":400,"column":2},"end":{"line":402,"column":3}},"type":"if","locations":[{"start":{"line":400,"column":2},"end":{"line":402,"column":3}},{"start":{},"end":{}}],"line":400},"19":{"loc":{"start":{"line":416,"column":2},"end":{"line":418,"column":3}},"type":"if","locations":[{"start":{"line":416,"column":2},"end":{"line":418,"column":3}},{"start":{},"end":{}}],"line":416},"20":{"loc":{"start":{"line":423,"column":0},"end":{"line":433,"column":1}},"type":"if","locations":[{"start":{"line":423,"column":0},"end":{"line":433,"column":1}},{"start":{},"end":{}}],"line":423},"21":{"loc":{"start":{"line":424,"column":15},"end":{"line":424,"column":39}},"type":"binary-expr","locations":[{"start":{"line":424,"column":15},"end":{"line":424,"column":31}},{"start":{"line":424,"column":35},"end":{"line":424,"column":39}}],"line":424}},"s":{"0":17,"1":17,"2":17,"3":17,"4":17,"5":17,"6":17,"7":17,"8":17,"9":17,"10":17,"11":17,"12":17,"13":17,"14":17,"15":17,"16":17,"17":17,"18":17,"19":0,"20":0,"21":0,"22":0,"23":0,"24":0,"25":0,"26":0,"27":17,"28":0,"29":0,"30":0,"31":0,"32":0,"33":0,"34":0,"35":0,"36":0,"37":0,"38":0,"39":17,"40":0,"41":0,"42":0,"43":0,"44":0,"45":0,"46":0,"47":0,"48":0,"49":0,"50":0,"51":0,"52":0,"53":0,"54":0,"55":0,"56":0,"57":17,"58":3,"59":3,"60":1,"61":2,"62":2,"63":2,"64":2,"65":2,"66":2,"67":0,"68":0,"69":17,"70":0,"71":17,"72":1,"73":17,"74":1,"75":17,"76":3,"77":3,"78":3,"79":0,"80":17,"81":0,"82":0,"83":0,"84":0,"85":0,"86":0,"87":0,"88":0,"89":17,"90":0,"91":0,"92":0,"93":0,"94":0,"95":0,"96":17,"97":0,"98":0,"99":0,"100":0,"101":0,"102":0,"103":0,"104":0,"105":0,"106":0,"107":0,"108":17,"109":0,"110":0,"111":0,"112":0,"113":0,"114":0,"115":0,"116":0,"117":0,"118":17,"119":0,"120":0,"121":0,"122":0,"123":0,"124":0,"125":0,"126":0,"127":0,"128":0,"129":0,"130":0,"131":0,"132":17,"133":3,"134":3,"135":1,"136":2,"137":2,"138":2,"139":0,"140":0,"141":17,"142":17,"143":0,"144":17,"145":0,"146":17,"147":0,"148":0,"149":0,"150":0,"151":0,"152":0,"153":0,"154":0,"155":0,"156":0,"157":0,"158":0,"159":0,"160":17,"161":6,"162":6,"163":0,"164":6,"165":6,"166":6,"167":0,"168":0,"169":17,"170":17,"171":357,"172":238,"173":17,"174":0,"175":0,"176":0,"177":0,"178":0,"179":0,"180":17},"f":{"0":0,"1":0,"2":0,"3":3,"4":1,"5":1,"6":3,"7":0,"8":0,"9":0,"10":0,"11":0,"12":3,"13":0,"14":0,"15":0,"16":0,"17":0,"18":0,"19":6,"20":357,"21":0},"b":{"0":[0,0],"1":[0,0],"2":[0,0],"3":[0,0],"4":[0,0],"5":[0,0],"6":[1,2],"7":[3,3,3],"8":[0,17],"9":[3,0],"10":[0,0],"11":[0,0],"12":[0,0],"13":[0,0],"14":[0,0],"15":[0,0],"16":[1,2],"17":[3,3,3],"18":[0,6],"19":[238,119],"20":[0,17],"21":[0,0]},"_coverageSchema":"1a1c01bbd47fc00a2c39e90264f33305004495a9","hash":"c85afeb858940ccf521948c9ab48910baf5f30d0"}
}
