{"C:\\Users\\julia\\OneDrive\\Documentos\\tierra_en_calma_simulado\\backend\\app.js": {"path":"C:\\Users\\julia\\OneDrive\\Documentos\\tierra_en_calma_simulado\\backend\\app.js","statementMap":{"0":{"start":{"line":2,"column":0},"end":{"line":2,"column":27}},"1":{"start":{"line":3,"column":16},"end":{"line":3,"column":34}},"2":{"start":{"line":4,"column":19},"end":{"line":4,"column":41}},"3":{"start":{"line":5,"column":17},"end":{"line":5,"column":36}},"4":{"start":{"line":6,"column":13},"end":{"line":6,"column":28}},"5":{"start":{"line":7,"column":18},"end":{"line":7,"column":47}},"6":{"start":{"line":8,"column":13},"end":{"line":8,"column":30}},"7":{"start":{"line":9,"column":19},"end":{"line":9,"column":40}},"8":{"start":{"line":11,"column":13},"end":{"line":11,"column":33}},"9":{"start":{"line":12,"column":24},"end":{"line":12,"column":71}},"10":{"start":{"line":16,"column":20},"end":{"line":16,"column":44}},"11":{"start":{"line":17,"column":24},"end":{"line":17,"column":52}},"12":{"start":{"line":18,"column":26},"end":{"line":18,"column":56}},"13":{"start":{"line":21,"column":14},"end":{"line":21,"column":23}},"14":{"start":{"line":22,"column":2},"end":{"line":22,"column":18}},"15":{"start":{"line":23,"column":2},"end":{"line":23,"column":29}},"16":{"start":{"line":26,"column":19},"end":{"line":30,"column":3}},"17":{"start":{"line":33,"column":0},"end":{"line":100,"column":3}},"18":{"start":{"line":41,"column":6},"end":{"line":41,"column":14}},"19":{"start":{"line":44,"column":2},"end":{"line":55,"column":3}},"20":{"start":{"line":52,"column":4},"end":{"line":54,"column":7}},"21":{"start":{"line":58,"column":23},"end":{"line":58,"column":51}},"22":{"start":{"line":59,"column":2},"end":{"line":63,"column":3}},"23":{"start":{"line":60,"column":4},"end":{"line":62,"column":7}},"24":{"start":{"line":66,"column":2},"end":{"line":70,"column":3}},"25":{"start":{"line":67,"column":4},"end":{"line":69,"column":7}},"26":{"start":{"line":74,"column":2},"end":{"line":99,"column":3}},"27":{"start":{"line":75,"column":4},"end":{"line":75,"column":56}},"28":{"start":{"line":77,"column":4},"end":{"line":83,"column":6}},"29":{"start":{"line":85,"column":4},"end":{"line":85,"column":65}},"30":{"start":{"line":87,"column":4},"end":{"line":90,"column":7}},"31":{"start":{"line":92,"column":4},"end":{"line":98,"column":5}},"32":{"start":{"line":93,"column":6},"end":{"line":97,"column":7}},"33":{"start":{"line":94,"column":8},"end":{"line":94,"column":33}},"34":{"start":{"line":96,"column":8},"end":{"line":96,"column":78}},"35":{"start":{"line":102,"column":0},"end":{"line":153,"column":3}},"36":{"start":{"line":103,"column":45},"end":{"line":103,"column":53}},"37":{"start":{"line":105,"column":2},"end":{"line":109,"column":3}},"38":{"start":{"line":106,"column":4},"end":{"line":108,"column":7}},"39":{"start":{"line":113,"column":2},"end":{"line":152,"column":3}},"40":{"start":{"line":114,"column":4},"end":{"line":114,"column":56}},"41":{"start":{"line":116,"column":19},"end":{"line":123,"column":5}},"42":{"start":{"line":125,"column":4},"end":{"line":135,"column":5}},"43":{"start":{"line":126,"column":22},"end":{"line":126,"column":36}},"44":{"start":{"line":127,"column":21},"end":{"line":127,"column":76}},"45":{"start":{"line":128,"column":19},"end":{"line":128,"column":74}},"46":{"start":{"line":130,"column":6},"end":{"line":134,"column":9}},"47":{"start":{"line":137,"column":4},"end":{"line":139,"column":7}},"48":{"start":{"line":141,"column":4},"end":{"line":143,"column":7}},"49":{"start":{"line":145,"column":4},"end":{"line":151,"column":5}},"50":{"start":{"line":146,"column":6},"end":{"line":150,"column":7}},"51":{"start":{"line":147,"column":8},"end":{"line":147,"column":33}},"52":{"start":{"line":149,"column":8},"end":{"line":149,"column":70}},"53":{"start":{"line":156,"column":0},"end":{"line":192,"column":3}},"54":{"start":{"line":157,"column":38},"end":{"line":157,"column":46}},"55":{"start":{"line":159,"column":2},"end":{"line":161,"column":3}},"56":{"start":{"line":160,"column":4},"end":{"line":160,"column":73}},"57":{"start":{"line":163,"column":22},"end":{"line":169,"column":4}},"58":{"start":{"line":171,"column":22},"end":{"line":181,"column":3}},"59":{"start":{"line":183,"column":2},"end":{"line":191,"column":3}},"60":{"start":{"line":184,"column":4},"end":{"line":184,"column":44}},"61":{"start":{"line":185,"column":4},"end":{"line":185,"column":59}},"62":{"start":{"line":188,"column":4},"end":{"line":188,"column":50}},"63":{"start":{"line":190,"column":4},"end":{"line":190,"column":65}},"64":{"start":{"line":194,"column":0},"end":{"line":196,"column":3}},"65":{"start":{"line":195,"column":2},"end":{"line":195,"column":50}},"66":{"start":{"line":198,"column":0},"end":{"line":200,"column":3}},"67":{"start":{"line":199,"column":2},"end":{"line":199,"column":54}},"68":{"start":{"line":202,"column":0},"end":{"line":216,"column":3}},"69":{"start":{"line":203,"column":26},"end":{"line":203,"column":61}},"70":{"start":{"line":205,"column":2},"end":{"line":207,"column":3}},"71":{"start":{"line":206,"column":4},"end":{"line":206,"column":84}},"72":{"start":{"line":209,"column":2},"end":{"line":215,"column":3}},"73":{"start":{"line":210,"column":21},"end":{"line":210,"column":74}},"74":{"start":{"line":211,"column":4},"end":{"line":211,"column":55}},"75":{"start":{"line":213,"column":4},"end":{"line":213,"column":56}},"76":{"start":{"line":214,"column":4},"end":{"line":214,"column":90}},"77":{"start":{"line":220,"column":0},"end":{"line":259,"column":3}},"78":{"start":{"line":221,"column":36},"end":{"line":221,"column":44}},"79":{"start":{"line":225,"column":2},"end":{"line":229,"column":3}},"80":{"start":{"line":226,"column":4},"end":{"line":228,"column":7}},"81":{"start":{"line":231,"column":2},"end":{"line":258,"column":3}},"82":{"start":{"line":232,"column":4},"end":{"line":232,"column":56}},"83":{"start":{"line":234,"column":4},"end":{"line":240,"column":6}},"84":{"start":{"line":242,"column":4},"end":{"line":244,"column":7}},"85":{"start":{"line":246,"column":4},"end":{"line":246,"column":53}},"86":{"start":{"line":247,"column":4},"end":{"line":249,"column":7}},"87":{"start":{"line":251,"column":4},"end":{"line":257,"column":5}},"88":{"start":{"line":252,"column":6},"end":{"line":256,"column":7}},"89":{"start":{"line":253,"column":8},"end":{"line":253,"column":33}},"90":{"start":{"line":255,"column":8},"end":{"line":255,"column":83}},"91":{"start":{"line":260,"column":0},"end":{"line":289,"column":3}},"92":{"start":{"line":263,"column":2},"end":{"line":288,"column":3}},"93":{"start":{"line":264,"column":4},"end":{"line":264,"column":56}},"94":{"start":{"line":266,"column":19},"end":{"line":272,"column":5}},"95":{"start":{"line":274,"column":4},"end":{"line":274,"column":33}},"96":{"start":{"line":276,"column":4},"end":{"line":276,"column":61}},"97":{"start":{"line":277,"column":4},"end":{"line":279,"column":7}},"98":{"start":{"line":281,"column":4},"end":{"line":287,"column":5}},"99":{"start":{"line":282,"column":6},"end":{"line":286,"column":7}},"100":{"start":{"line":283,"column":8},"end":{"line":283,"column":33}},"101":{"start":{"line":285,"column":8},"end":{"line":285,"column":83}},"102":{"start":{"line":291,"column":0},"end":{"line":332,"column":3}},"103":{"start":{"line":292,"column":14},"end":{"line":292,"column":37}},"104":{"start":{"line":293,"column":25},"end":{"line":293,"column":66}},"105":{"start":{"line":294,"column":21},"end":{"line":294,"column":43}},"106":{"start":{"line":296,"column":2},"end":{"line":298,"column":3}},"107":{"start":{"line":297,"column":4},"end":{"line":297,"column":65}},"108":{"start":{"line":302,"column":2},"end":{"line":331,"column":3}},"109":{"start":{"line":303,"column":4},"end":{"line":303,"column":56}},"110":{"start":{"line":305,"column":19},"end":{"line":317,"column":5}},"111":{"start":{"line":319,"column":4},"end":{"line":319,"column":39}},"112":{"start":{"line":321,"column":4},"end":{"line":321,"column":68}},"113":{"start":{"line":322,"column":4},"end":{"line":322,"column":87}},"114":{"start":{"line":324,"column":4},"end":{"line":330,"column":5}},"115":{"start":{"line":325,"column":6},"end":{"line":329,"column":7}},"116":{"start":{"line":326,"column":8},"end":{"line":326,"column":33}},"117":{"start":{"line":328,"column":8},"end":{"line":328,"column":78}},"118":{"start":{"line":334,"column":2},"end":{"line":351,"column":5}},"119":{"start":{"line":335,"column":57},"end":{"line":335,"column":65}},"120":{"start":{"line":336,"column":4},"end":{"line":338,"column":5}},"121":{"start":{"line":337,"column":6},"end":{"line":337,"column":97}},"122":{"start":{"line":340,"column":4},"end":{"line":350,"column":5}},"123":{"start":{"line":341,"column":16},"end":{"line":346,"column":8}},"124":{"start":{"line":347,"column":6},"end":{"line":347,"column":79}},"125":{"start":{"line":349,"column":6},"end":{"line":349,"column":73}},"126":{"start":{"line":354,"column":2},"end":{"line":354,"column":74}},"127":{"start":{"line":358,"column":19},"end":{"line":358,"column":41}},"128":{"start":{"line":359,"column":30},"end":{"line":362,"column":4}},"129":{"start":{"line":359,"column":63},"end":{"line":362,"column":3}},"130":{"start":{"line":363,"column":2},"end":{"line":363,"column":49}},"131":{"start":{"line":367,"column":2},"end":{"line":367,"column":49}},"132":{"start":{"line":372,"column":0},"end":{"line":425,"column":3}},"133":{"start":{"line":373,"column":2},"end":{"line":424,"column":3}},"134":{"start":{"line":374,"column":23},"end":{"line":374,"column":61}},"135":{"start":{"line":375,"column":17},"end":{"line":375,"column":58}},"136":{"start":{"line":377,"column":48},"end":{"line":410,"column":6}},"137":{"start":{"line":412,"column":4},"end":{"line":412,"column":29}},"138":{"start":{"line":414,"column":4},"end":{"line":419,"column":7}},"139":{"start":{"line":422,"column":4},"end":{"line":422,"column":73}},"140":{"start":{"line":423,"column":4},"end":{"line":423,"column":85}},"141":{"start":{"line":429,"column":0},"end":{"line":444,"column":3}},"142":{"start":{"line":430,"column":26},"end":{"line":430,"column":61}},"143":{"start":{"line":432,"column":2},"end":{"line":434,"column":3}},"144":{"start":{"line":433,"column":4},"end":{"line":433,"column":84}},"145":{"start":{"line":436,"column":2},"end":{"line":443,"column":1}},"146":{"start":{"line":437,"column":19},"end":{"line":437,"column":80}},"147":{"start":{"line":438,"column":4},"end":{"line":438,"column":21}},"148":{"start":{"line":441,"column":2},"end":{"line":441,"column":54}},"149":{"start":{"line":442,"column":2},"end":{"line":442,"column":79}},"150":{"start":{"line":448,"column":0},"end":{"line":448,"column":11}},"151":{"start":{"line":451,"column":0},"end":{"line":451,"column":31}}},"fnMap":{"0":{"name":"createApp","decl":{"start":{"line":20,"column":9},"end":{"line":20,"column":18}},"loc":{"start":{"line":20,"column":21},"end":{"line":449,"column":1}},"line":20},"1":{"name":"(anonymous_1)","decl":{"start":{"line":33,"column":26},"end":{"line":33,"column":27}},"loc":{"start":{"line":33,"column":46},"end":{"line":100,"column":1}},"line":33},"2":{"name":"(anonymous_2)","decl":{"start":{"line":102,"column":23},"end":{"line":102,"column":24}},"loc":{"start":{"line":102,"column":43},"end":{"line":153,"column":1}},"line":102},"3":{"name":"(anonymous_3)","decl":{"start":{"line":156,"column":26},"end":{"line":156,"column":27}},"loc":{"start":{"line":156,"column":46},"end":{"line":192,"column":1}},"line":156},"4":{"name":"(anonymous_4)","decl":{"start":{"line":194,"column":22},"end":{"line":194,"column":23}},"loc":{"start":{"line":194,"column":36},"end":{"line":196,"column":1}},"line":194},"5":{"name":"(anonymous_5)","decl":{"start":{"line":198,"column":26},"end":{"line":198,"column":27}},"loc":{"start":{"line":198,"column":40},"end":{"line":200,"column":1}},"line":198},"6":{"name":"(anonymous_6)","decl":{"start":{"line":202,"column":28},"end":{"line":202,"column":29}},"loc":{"start":{"line":202,"column":48},"end":{"line":216,"column":1}},"line":202},"7":{"name":"(anonymous_7)","decl":{"start":{"line":220,"column":34},"end":{"line":220,"column":35}},"loc":{"start":{"line":220,"column":54},"end":{"line":259,"column":1}},"line":220},"8":{"name":"(anonymous_8)","decl":{"start":{"line":260,"column":24},"end":{"line":260,"column":25}},"loc":{"start":{"line":260,"column":44},"end":{"line":289,"column":1}},"line":260},"9":{"name":"(anonymous_9)","decl":{"start":{"line":291,"column":28},"end":{"line":291,"column":29}},"loc":{"start":{"line":291,"column":48},"end":{"line":332,"column":1}},"line":291},"10":{"name":"(anonymous_10)","decl":{"start":{"line":334,"column":28},"end":{"line":334,"column":29}},"loc":{"start":{"line":334,"column":48},"end":{"line":351,"column":3}},"line":334},"11":{"name":"convertirClavesAMayusculas","decl":{"start":{"line":357,"column":9},"end":{"line":357,"column":35}},"loc":{"start":{"line":357,"column":44},"end":{"line":364,"column":1}},"line":357},"12":{"name":"(anonymous_12)","decl":{"start":{"line":359,"column":43},"end":{"line":359,"column":44}},"loc":{"start":{"line":359,"column":63},"end":{"line":362,"column":3}},"line":359},"13":{"name":"normalizar","decl":{"start":{"line":366,"column":9},"end":{"line":366,"column":19}},"loc":{"start":{"line":366,"column":29},"end":{"line":368,"column":1}},"line":366},"14":{"name":"(anonymous_14)","decl":{"start":{"line":372,"column":29},"end":{"line":372,"column":30}},"loc":{"start":{"line":372,"column":49},"end":{"line":425,"column":1}},"line":372},"15":{"name":"(anonymous_15)","decl":{"start":{"line":429,"column":39},"end":{"line":429,"column":40}},"loc":{"start":{"line":429,"column":59},"end":{"line":444,"column":1}},"line":429}},"branchMap":{"0":{"loc":{"start":{"line":44,"column":2},"end":{"line":55,"column":3}},"type":"if","locations":[{"start":{"line":44,"column":2},"end":{"line":55,"column":3}},{"start":{},"end":{}}],"line":44},"1":{"loc":{"start":{"line":45,"column":4},"end":{"line":50,"column":15}},"type":"binary-expr","locations":[{"start":{"line":45,"column":4},"end":{"line":45,"column":28}},{"start":{"line":46,"column":4},"end":{"line":46,"column":11}},{"start":{"line":47,"column":4},"end":{"line":47,"column":13}},{"start":{"line":48,"column":4},"end":{"line":48,"column":13}},{"start":{"line":49,"column":4},"end":{"line":49,"column":23}},{"start":{"line":50,"column":4},"end":{"line":50,"column":15}}],"line":45},"2":{"loc":{"start":{"line":59,"column":2},"end":{"line":63,"column":3}},"type":"if","locations":[{"start":{"line":59,"column":2},"end":{"line":63,"column":3}},{"start":{},"end":{}}],"line":59},"3":{"loc":{"start":{"line":66,"column":2},"end":{"line":70,"column":3}},"type":"if","locations":[{"start":{"line":66,"column":2},"end":{"line":70,"column":3}},{"start":{},"end":{}}],"line":66},"4":{"loc":{"start":{"line":92,"column":4},"end":{"line":98,"column":5}},"type":"if","locations":[{"start":{"line":92,"column":4},"end":{"line":98,"column":5}},{"start":{},"end":{}}],"line":92},"5":{"loc":{"start":{"line":105,"column":2},"end":{"line":109,"column":3}},"type":"if","locations":[{"start":{"line":105,"column":2},"end":{"line":109,"column":3}},{"start":{},"end":{}}],"line":105},"6":{"loc":{"start":{"line":105,"column":6},"end":{"line":105,"column":40}},"type":"binary-expr","locations":[{"start":{"line":105,"column":6},"end":{"line":105,"column":25}},{"start":{"line":105,"column":29},"end":{"line":105,"column":40}}],"line":105},"7":{"loc":{"start":{"line":125,"column":4},"end":{"line":135,"column":5}},"type":"if","locations":[{"start":{"line":125,"column":4},"end":{"line":135,"column":5}},{"start":{},"end":{}}],"line":125},"8":{"loc":{"start":{"line":127,"column":22},"end":{"line":127,"column":54}},"type":"binary-expr","locations":[{"start":{"line":127,"column":22},"end":{"line":127,"column":48}},{"start":{"line":127,"column":52},"end":{"line":127,"column":54}}],"line":127},"9":{"loc":{"start":{"line":128,"column":19},"end":{"line":128,"column":74}},"type":"cond-expr","locations":[{"start":{"line":128,"column":58},"end":{"line":128,"column":65}},{"start":{"line":128,"column":68},"end":{"line":128,"column":74}}],"line":128},"10":{"loc":{"start":{"line":145,"column":4},"end":{"line":151,"column":5}},"type":"if","locations":[{"start":{"line":145,"column":4},"end":{"line":151,"column":5}},{"start":{},"end":{}}],"line":145},"11":{"loc":{"start":{"line":159,"column":2},"end":{"line":161,"column":3}},"type":"if","locations":[{"start":{"line":159,"column":2},"end":{"line":161,"column":3}},{"start":{},"end":{}}],"line":159},"12":{"loc":{"start":{"line":159,"column":6},"end":{"line":159,"column":36}},"type":"binary-expr","locations":[{"start":{"line":159,"column":6},"end":{"line":159,"column":13}},{"start":{"line":159,"column":17},"end":{"line":159,"column":24}},{"start":{"line":159,"column":28},"end":{"line":159,"column":36}}],"line":159},"13":{"loc":{"start":{"line":205,"column":2},"end":{"line":207,"column":3}},"type":"if","locations":[{"start":{"line":205,"column":2},"end":{"line":207,"column":3}},{"start":{},"end":{}}],"line":205},"14":{"loc":{"start":{"line":225,"column":2},"end":{"line":229,"column":3}},"type":"if","locations":[{"start":{"line":225,"column":2},"end":{"line":229,"column":3}},{"start":{},"end":{}}],"line":225},"15":{"loc":{"start":{"line":225,"column":6},"end":{"line":225,"column":31}},"type":"binary-expr","locations":[{"start":{"line":225,"column":6},"end":{"line":225,"column":17}},{"start":{"line":225,"column":21},"end":{"line":225,"column":31}}],"line":225},"16":{"loc":{"start":{"line":251,"column":4},"end":{"line":257,"column":5}},"type":"if","locations":[{"start":{"line":251,"column":4},"end":{"line":257,"column":5}},{"start":{},"end":{}}],"line":251},"17":{"loc":{"start":{"line":281,"column":4},"end":{"line":287,"column":5}},"type":"if","locations":[{"start":{"line":281,"column":4},"end":{"line":287,"column":5}},{"start":{},"end":{}}],"line":281},"18":{"loc":{"start":{"line":293,"column":25},"end":{"line":293,"column":66}},"type":"cond-expr","locations":[{"start":{"line":293,"column":51},"end":{"line":293,"column":61}},{"start":{"line":293,"column":64},"end":{"line":293,"column":66}}],"line":293},"19":{"loc":{"start":{"line":296,"column":2},"end":{"line":298,"column":3}},"type":"if","locations":[{"start":{"line":296,"column":2},"end":{"line":298,"column":3}},{"start":{},"end":{}}],"line":296},"20":{"loc":{"start":{"line":296,"column":6},"end":{"line":296,"column":60}},"type":"binary-expr","locations":[{"start":{"line":296,"column":6},"end":{"line":296,"column":27}},{"start":{"line":296,"column":31},"end":{"line":296,"column":60}}],"line":296},"21":{"loc":{"start":{"line":319,"column":20},"end":{"line":319,"column":37}},"type":"binary-expr","locations":[{"start":{"line":319,"column":20},"end":{"line":319,"column":31}},{"start":{"line":319,"column":35},"end":{"line":319,"column":37}}],"line":319},"22":{"loc":{"start":{"line":324,"column":4},"end":{"line":330,"column":5}},"type":"if","locations":[{"start":{"line":324,"column":4},"end":{"line":330,"column":5}},{"start":{},"end":{}}],"line":324},"23":{"loc":{"start":{"line":336,"column":4},"end":{"line":338,"column":5}},"type":"if","locations":[{"start":{"line":336,"column":4},"end":{"line":338,"column":5}},{"start":{},"end":{}}],"line":336},"24":{"loc":{"start":{"line":336,"column":8},"end":{"line":336,"column":45}},"type":"binary-expr","locations":[{"start":{"line":336,"column":8},"end":{"line":336,"column":26}},{"start":{"line":336,"column":30},"end":{"line":336,"column":36}},{"start":{"line":336,"column":40},"end":{"line":336,"column":45}}],"line":336},"25":{"loc":{"start":{"line":432,"column":2},"end":{"line":434,"column":3}},"type":"if","locations":[{"start":{"line":432,"column":2},"end":{"line":434,"column":3}},{"start":{},"end":{}}],"line":432}},"s":{"0":33,"1":33,"2":33,"3":33,"4":33,"5":33,"6":33,"7":33,"8":33,"9":33,"10":33,"11":33,"12":33,"13":33,"14":33,"15":33,"16":33,"17":33,"18":8,"19":8,"20":1,"21":7,"22":7,"23":1,"24":6,"25":1,"26":5,"27":5,"28":4,"29":2,"30":3,"31":5,"32":4,"33":4,"34":2,"35":33,"36":8,"37":8,"38":1,"39":7,"40":7,"41":6,"42":4,"43":2,"44":2,"45":2,"46":2,"47":2,"48":3,"49":7,"50":6,"51":6,"52":2,"53":33,"54":0,"55":0,"56":0,"57":0,"58":0,"59":0,"60":0,"61":0,"62":0,"63":0,"64":33,"65":0,"66":33,"67":0,"68":33,"69":0,"70":0,"71":0,"72":0,"73":0,"74":0,"75":0,"76":0,"77":33,"78":6,"79":6,"80":1,"81":5,"82":5,"83":4,"84":2,"85":3,"86":3,"87":5,"88":4,"89":4,"90":2,"91":33,"92":5,"93":5,"94":4,"95":2,"96":3,"97":3,"98":5,"99":4,"100":4,"101":2,"102":33,"103":6,"104":6,"105":6,"106":6,"107":1,"108":5,"109":5,"110":4,"111":3,"112":2,"113":2,"114":5,"115":4,"116":4,"117":1,"118":33,"119":0,"120":0,"121":0,"122":0,"123":0,"124":0,"125":0,"126":33,"127":0,"128":0,"129":0,"130":0,"131":0,"132":33,"133":0,"134":0,"135":0,"136":0,"137":0,"138":0,"139":0,"140":0,"141":33,"142":0,"143":0,"144":0,"145":0,"146":0,"147":0,"148":0,"149":0,"150":33,"151":33},"f":{"0":33,"1":8,"2":8,"3":0,"4":0,"5":0,"6":0,"7":6,"8":5,"9":6,"10":0,"11":0,"12":0,"13":0,"14":0,"15":0},"b":{"0":[1,7],"1":[8,8,8,8,8,8],"2":[1,6],"3":[1,5],"4":[4,1],"5":[1,7],"6":[8,8],"7":[2,2],"8":[2,0],"9":[1,1],"10":[6,1],"11":[0,0],"12":[0,0,0],"13":[0,0],"14":[1,5],"15":[6,6],"16":[4,1],"17":[4,1],"18":[6,0],"19":[1,5],"20":[6,6],"21":[3,1],"22":[4,1],"23":[0,0],"24":[0,0,0],"25":[0,0]},"_coverageSchema":"1a1c01bbd47fc00a2c39e90264f33305004495a9","hash":"ac4148dd7b42753b718b8717e5ce697fc5650f71"}
}
