TN:
SF:SimuladorSensor.js
FN:4,startSimulator
FN:11,(anonymous_1)
FN:24,(anonymous_2)
FN:32,stopSimulator
FNF:4
FNH:4
FNDA:12,startSimulator
FNDA:36,(anonymous_1)
FNDA:9,(anonymous_2)
FNDA:12,stopSimulator
DA:1,32
DA:2,32
DA:5,12
DA:6,12
DA:7,12
DA:9,12
DA:11,12
DA:13,36
DA:14,36
DA:16,36
DA:17,36
DA:19,36
DA:21,36
DA:23,36
DA:24,30
DA:25,9
DA:33,12
DA:34,12
DA:37,32
LF:19
LH:19
BRDA:4,0,0,0
BRDA:4,1,0,0
BRDA:4,2,0,0
BRDA:23,3,0,30
BRDA:23,3,1,6
BRDA:33,4,0,12
BRDA:33,4,1,0
BRF:7
BRH:3
end_of_record
TN:
SF:app.js
FN:20,createApp
FN:33,(anonymous_1)
FN:102,(anonymous_2)
FN:156,(anonymous_3)
FN:194,(anonymous_4)
FN:198,(anonymous_5)
FN:202,(anonymous_6)
FN:220,(anonymous_7)
FN:260,(anonymous_8)
FN:291,(anonymous_9)
FN:334,(anonymous_10)
FN:357,convertirClavesAMayusculas
FN:359,(anonymous_12)
FN:366,normalizar
FN:372,(anonymous_14)
FN:429,(anonymous_15)
FNF:16
FNH:6
FNDA:33,createApp
FNDA:8,(anonymous_1)
FNDA:8,(anonymous_2)
FNDA:0,(anonymous_3)
FNDA:0,(anonymous_4)
FNDA:0,(anonymous_5)
FNDA:0,(anonymous_6)
FNDA:6,(anonymous_7)
FNDA:5,(anonymous_8)
FNDA:6,(anonymous_9)
FNDA:0,(anonymous_10)
FNDA:0,convertirClavesAMayusculas
FNDA:0,(anonymous_12)
FNDA:0,normalizar
FNDA:0,(anonymous_14)
FNDA:0,(anonymous_15)
DA:2,34
DA:3,34
DA:4,34
DA:5,34
DA:6,34
DA:7,34
DA:8,34
DA:9,34
DA:11,34
DA:12,34
DA:16,34
DA:17,34
DA:18,34
DA:21,33
DA:22,33
DA:23,33
DA:26,33
DA:33,33
DA:41,8
DA:44,8
DA:52,1
DA:58,7
DA:59,7
DA:60,1
DA:66,6
DA:67,1
DA:74,5
DA:75,5
DA:77,4
DA:85,2
DA:87,3
DA:92,5
DA:93,4
DA:94,4
DA:96,2
DA:102,33
DA:103,8
DA:105,8
DA:106,1
DA:113,7
DA:114,7
DA:116,6
DA:125,4
DA:126,2
DA:127,2
DA:128,2
DA:130,2
DA:137,2
DA:141,3
DA:145,7
DA:146,6
DA:147,6
DA:149,2
DA:156,33
DA:157,0
DA:159,0
DA:160,0
DA:163,0
DA:171,0
DA:183,0
DA:184,0
DA:185,0
DA:188,0
DA:190,0
DA:194,33
DA:195,0
DA:198,33
DA:199,0
DA:202,33
DA:203,0
DA:205,0
DA:206,0
DA:209,0
DA:210,0
DA:211,0
DA:213,0
DA:214,0
DA:220,33
DA:221,6
DA:225,6
DA:226,1
DA:231,5
DA:232,5
DA:234,4
DA:242,2
DA:246,3
DA:247,3
DA:251,5
DA:252,4
DA:253,4
DA:255,2
DA:260,33
DA:263,5
DA:264,5
DA:266,4
DA:274,2
DA:276,3
DA:277,3
DA:281,5
DA:282,4
DA:283,4
DA:285,2
DA:291,33
DA:292,6
DA:293,6
DA:294,6
DA:296,6
DA:297,1
DA:302,5
DA:303,5
DA:305,4
DA:319,3
DA:321,2
DA:322,2
DA:324,5
DA:325,4
DA:326,4
DA:328,1
DA:334,33
DA:335,0
DA:336,0
DA:337,0
DA:340,0
DA:341,0
DA:347,0
DA:349,0
DA:354,33
DA:358,0
DA:359,0
DA:363,0
DA:367,0
DA:372,33
DA:373,0
DA:374,0
DA:375,0
DA:377,0
DA:412,0
DA:414,0
DA:422,0
DA:423,0
DA:429,33
DA:430,0
DA:432,0
DA:433,0
DA:436,0
DA:437,0
DA:438,0
DA:441,0
DA:442,0
DA:448,33
DA:451,34
LF:151
LH:104
BRDA:44,0,0,1
BRDA:44,0,1,7
BRDA:45,1,0,8
BRDA:45,1,1,8
BRDA:45,1,2,8
BRDA:45,1,3,8
BRDA:45,1,4,8
BRDA:45,1,5,8
BRDA:59,2,0,1
BRDA:59,2,1,6
BRDA:66,3,0,1
BRDA:66,3,1,5
BRDA:92,4,0,4
BRDA:92,4,1,1
BRDA:105,5,0,1
BRDA:105,5,1,7
BRDA:105,6,0,8
BRDA:105,6,1,8
BRDA:125,7,0,2
BRDA:125,7,1,2
BRDA:127,8,0,2
BRDA:127,8,1,0
BRDA:128,9,0,1
BRDA:128,9,1,1
BRDA:145,10,0,6
BRDA:145,10,1,1
BRDA:159,11,0,0
BRDA:159,11,1,0
BRDA:159,12,0,0
BRDA:159,12,1,0
BRDA:159,12,2,0
BRDA:205,13,0,0
BRDA:205,13,1,0
BRDA:225,14,0,1
BRDA:225,14,1,5
BRDA:225,15,0,6
BRDA:225,15,1,6
BRDA:251,16,0,4
BRDA:251,16,1,1
BRDA:281,17,0,4
BRDA:281,17,1,1
BRDA:293,18,0,6
BRDA:293,18,1,0
BRDA:296,19,0,1
BRDA:296,19,1,5
BRDA:296,20,0,6
BRDA:296,20,1,6
BRDA:319,21,0,3
BRDA:319,21,1,1
BRDA:324,22,0,4
BRDA:324,22,1,1
BRDA:336,23,0,0
BRDA:336,23,1,0
BRDA:336,24,0,0
BRDA:336,24,1,0
BRDA:336,24,2,0
BRDA:432,25,0,0
BRDA:432,25,1,0
BRF:58
BRH:42
end_of_record
TN:
SF:cuidadosService.js
FN:9,getUltimoIdRiegoPorPlantaUsuario
FN:48,crearCuidado
FN:88,(anonymous_2)
FNF:3
FNH:2
FNDA:2,getUltimoIdRiegoPorPlantaUsuario
FNDA:2,crearCuidado
FNDA:0,(anonymous_2)
DA:1,19
DA:2,19
DA:11,2
DA:19,2
DA:20,2
DA:23,2
DA:32,2
DA:33,2
DA:36,2
DA:45,2
DA:50,2
DA:51,2
DA:54,2
DA:56,2
DA:75,2
DA:76,2
DA:78,2
DA:86,2
DA:88,2
DA:92,19
LF:20
LH:20
BRDA:19,0,0,0
BRDA:19,0,1,2
BRDA:32,1,0,0
BRDA:32,1,1,2
BRDA:45,2,0,0
BRDA:45,2,1,2
BRDA:69,3,0,2
BRDA:69,3,1,2
BRDA:76,4,0,2
BRDA:76,4,1,0
BRDA:88,5,0,2
BRDA:88,5,1,0
BRF:12
BRH:7
end_of_record
TN:
SF:mqttService.js
FN:23,ensureSensorForPlanta
FN:64,setSensorForPlanta
FN:71,initMQTT
FN:80,(anonymous_3)
FN:81,(anonymous_4)
FN:86,(anonymous_5)
FN:91,(anonymous_6)
FN:97,procesarDatoInterno
FN:116,procesarDatoMQTT
FN:167,getUltimoDato
FN:168,getHistorial
FN:170,enviarComandoRiego
FN:220,enviarComandoFisicoRiego
FNF:13
FNH:5
FNDA:0,ensureSensorForPlanta
FNDA:0,setSensorForPlanta
FNDA:4,initMQTT
FNDA:0,(anonymous_3)
FNDA:0,(anonymous_4)
FNDA:0,(anonymous_5)
FNDA:0,(anonymous_6)
FNDA:5,procesarDatoInterno
FNDA:0,procesarDatoMQTT
FNDA:8,getUltimoDato
FNDA:8,getHistorial
FNDA:7,enviarComandoRiego
FNDA:0,enviarComandoFisicoRiego
DA:1,26
DA:2,26
DA:3,26
DA:6,26
DA:7,26
DA:8,26
DA:10,26
DA:17,26
DA:19,26
DA:20,26
DA:21,26
DA:25,0
DA:26,0
DA:28,0
DA:37,0
DA:38,0
DA:39,0
DA:42,0
DA:55,0
DA:56,0
DA:57,0
DA:58,0
DA:60,0
DA:65,0
DA:66,0
DA:67,0
DA:68,0
DA:72,4
DA:73,4
DA:74,4
DA:75,4
DA:77,0
DA:78,0
DA:80,0
DA:81,0
DA:82,0
DA:86,0
DA:87,0
DA:88,0
DA:91,0
DA:92,0
DA:98,5
DA:99,5
DA:101,5
DA:102,5
DA:103,5
DA:106,0
DA:107,0
DA:108,0
DA:109,0
DA:110,0
DA:111,0
DA:112,0
DA:117,0
DA:118,0
DA:119,0
DA:120,0
DA:121,0
DA:122,0
DA:124,0
DA:125,0
DA:126,0
DA:129,0
DA:130,0
DA:131,0
DA:132,0
DA:133,0
DA:135,0
DA:136,0
DA:138,0
DA:153,0
DA:154,0
DA:156,0
DA:161,0
DA:163,0
DA:167,8
DA:168,8
DA:171,7
DA:172,7
DA:173,7
DA:175,0
DA:176,0
DA:177,0
DA:180,0
DA:183,0
DA:184,0
DA:186,0
DA:195,0
DA:197,0
DA:211,0
DA:213,0
DA:214,0
DA:216,0
DA:221,0
DA:222,0
DA:223,0
DA:226,0
DA:227,0
DA:228,0
DA:229,0
DA:231,0
DA:232,0
DA:238,26
LF:103
LH:26
BRDA:37,0,0,0
BRDA:37,0,1,0
BRDA:56,1,0,0
BRDA:56,1,1,0
BRDA:60,2,0,0
BRDA:60,2,1,0
BRDA:71,3,0,0
BRDA:72,4,0,4
BRDA:72,4,1,0
BRDA:75,5,0,4
BRDA:75,5,1,0
BRDA:82,6,0,0
BRDA:82,6,1,0
BRDA:101,7,0,5
BRDA:101,7,1,0
BRDA:107,8,0,0
BRDA:107,8,1,0
BRDA:108,9,0,0
BRDA:108,9,1,0
BRDA:120,10,0,0
BRDA:120,10,1,0
BRDA:124,11,0,0
BRDA:124,11,1,0
BRDA:131,12,0,0
BRDA:131,12,1,0
BRDA:131,13,0,0
BRDA:131,13,1,0
BRDA:154,14,0,0
BRDA:154,14,1,0
BRDA:170,15,0,3
BRDA:171,16,0,7
BRDA:171,16,1,0
BRDA:171,17,0,7
BRDA:171,17,1,0
BRDA:175,18,0,0
BRDA:175,18,1,0
BRDA:195,19,0,0
BRDA:195,19,1,0
BRDA:216,20,0,0
BRDA:216,20,1,0
BRDA:221,21,0,0
BRDA:221,21,1,0
BRDA:221,22,0,0
BRDA:221,22,1,0
BRF:44
BRH:6
end_of_record
TN:
SF:pkgCentralService.js
FN:11,verificarCondiciones
FN:72,(anonymous_1)
FNF:2
FNH:1
FNDA:6,verificarCondiciones
FNDA:0,(anonymous_1)
DA:2,19
DA:3,19
DA:5,19
DA:13,6
DA:14,6
DA:17,5
DA:28,5
DA:29,2
DA:32,3
DA:35,3
DA:57,3
DA:59,3
DA:60,0
DA:61,0
DA:63,3
DA:69,1
DA:70,1
DA:72,6
DA:77,19
LF:19
LH:17
BRDA:28,0,0,2
BRDA:28,0,1,3
BRDA:59,1,0,0
BRDA:59,1,1,3
BRDA:72,2,0,5
BRDA:72,2,1,1
BRF:6
BRH:5
end_of_record
TN:
SF:server.js
FN:40,probarConexionOracle
FN:54,(anonymous_1)
FN:84,(anonymous_2)
FN:130,(anonymous_3)
FN:178,(anonymous_4)
FN:182,(anonymous_5)
FN:186,(anonymous_6)
FN:192,(anonymous_7)
FN:207,(anonymous_8)
FN:218,(anonymous_9)
FN:245,(anonymous_10)
FN:267,(anonymous_11)
FN:301,(anonymous_12)
FN:325,(anonymous_13)
FN:329,(anonymous_14)
FN:334,(anonymous_15)
FN:380,(anonymous_16)
FN:381,(anonymous_17)
FN:382,(anonymous_18)
FN:398,(anonymous_19)
FN:415,(anonymous_20)
FN:425,(anonymous_21)
FNF:22
FNH:7
FNDA:0,probarConexionOracle
FNDA:0,(anonymous_1)
FNDA:0,(anonymous_2)
FNDA:3,(anonymous_3)
FNDA:1,(anonymous_4)
FNDA:1,(anonymous_5)
FNDA:3,(anonymous_6)
FNDA:0,(anonymous_7)
FNDA:0,(anonymous_8)
FNDA:0,(anonymous_9)
FNDA:0,(anonymous_10)
FNDA:0,(anonymous_11)
FNDA:3,(anonymous_12)
FNDA:0,(anonymous_13)
FNDA:0,(anonymous_14)
FNDA:0,(anonymous_15)
FNDA:0,(anonymous_16)
FNDA:0,(anonymous_17)
FNDA:0,(anonymous_18)
FNDA:6,(anonymous_19)
FNDA:357,(anonymous_20)
FNDA:0,(anonymous_21)
DA:1,17
DA:2,17
DA:3,17
DA:4,17
DA:5,17
DA:6,17
DA:7,17
DA:8,17
DA:9,17
DA:10,17
DA:11,17
DA:12,17
DA:13,17
DA:15,17
DA:17,17
DA:18,17
DA:19,17
DA:30,17
DA:33,17
DA:41,0
DA:42,0
DA:43,0
DA:44,0
DA:45,0
DA:46,0
DA:48,0
DA:49,0
DA:54,17
DA:55,0
DA:56,0
DA:57,0
DA:59,0
DA:67,0
DA:68,0
DA:70,0
DA:73,0
DA:74,0
DA:75,0
DA:76,0
DA:84,17
DA:85,0
DA:87,0
DA:88,0
DA:90,0
DA:99,0
DA:101,0
DA:102,0
DA:103,0
DA:106,0
DA:108,0
DA:110,0
DA:116,0
DA:117,0
DA:121,0
DA:122,0
DA:123,0
DA:124,0
DA:130,17
DA:131,3
DA:133,3
DA:134,1
DA:138,2
DA:146,2
DA:158,2
DA:159,2
DA:160,2
DA:161,2
DA:163,0
DA:164,0
DA:171,17
DA:172,0
DA:178,17
DA:179,1
DA:182,17
DA:183,1
DA:186,17
DA:187,3
DA:188,3
DA:189,0
DA:192,17
DA:193,0
DA:194,0
DA:195,0
DA:197,0
DA:198,0
DA:199,0
DA:201,0
DA:202,0
DA:207,17
DA:208,0
DA:209,0
DA:210,0
DA:211,0
DA:213,0
DA:214,0
DA:218,17
DA:219,0
DA:221,0
DA:222,0
DA:224,0
DA:232,0
DA:233,0
DA:234,0
DA:237,0
DA:238,0
DA:239,0
DA:240,0
DA:245,17
DA:246,0
DA:247,0
DA:248,0
DA:256,0
DA:257,0
DA:259,0
DA:260,0
DA:261,0
DA:262,0
DA:267,17
DA:268,0
DA:269,0
DA:270,0
DA:271,0
DA:275,0
DA:276,0
DA:277,0
DA:291,0
DA:293,0
DA:294,0
DA:296,0
DA:301,17
DA:302,3
DA:303,3
DA:304,1
DA:307,2
DA:308,2
DA:314,2
DA:316,0
DA:317,0
DA:322,17
DA:325,17
DA:326,0
DA:329,17
DA:330,0
DA:334,17
DA:335,0
DA:336,0
DA:337,0
DA:340,0
DA:375,0
DA:377,0
DA:380,0
DA:381,0
DA:382,0
DA:385,0
DA:392,0
DA:393,0
DA:398,17
DA:399,6
DA:400,6
DA:401,0
DA:404,6
DA:405,6
DA:406,6
DA:408,0
DA:409,0
DA:413,17
DA:415,17
DA:416,357
DA:417,238
DA:423,17
DA:424,0
DA:425,0
DA:426,0
DA:427,0
DA:430,0
DA:431,0
DA:436,17
LF:177
LH:67
BRDA:49,0,0,0
BRDA:49,0,1,0
BRDA:74,1,0,0
BRDA:74,1,1,0
BRDA:101,2,0,0
BRDA:101,2,1,0
BRDA:103,3,0,0
BRDA:103,3,1,0
BRDA:106,4,0,0
BRDA:106,4,1,0
BRDA:122,5,0,0
BRDA:122,5,1,0
BRDA:133,6,0,1
BRDA:133,6,1,2
BRDA:133,7,0,3
BRDA:133,7,1,3
BRDA:133,7,2,3
BRDA:171,8,0,0
BRDA:171,8,1,17
BRDA:188,9,0,3
BRDA:188,9,1,0
BRDA:194,10,0,0
BRDA:194,10,1,0
BRDA:238,11,0,0
BRDA:238,11,1,0
BRDA:260,12,0,0
BRDA:260,12,1,0
BRDA:270,13,0,0
BRDA:270,13,1,0
BRDA:291,14,0,0
BRDA:291,14,1,0
BRDA:296,15,0,0
BRDA:296,15,1,0
BRDA:303,16,0,1
BRDA:303,16,1,2
BRDA:303,17,0,3
BRDA:303,17,1,3
BRDA:303,17,2,3
BRDA:400,18,0,0
BRDA:400,18,1,6
BRDA:416,19,0,238
BRDA:416,19,1,119
BRDA:423,20,0,0
BRDA:423,20,1,17
BRDA:424,21,0,0
BRDA:424,21,1,0
BRF:46
BRH:16
end_of_record
