TN:
SF:SimuladorSensor.js
FN:4,startSimulator
FN:11,(anonymous_1)
FN:24,(anonymous_2)
FN:32,stopSimulator
FNF:4
FNH:0
FNDA:0,startSimulator
FNDA:0,(anonymous_1)
FNDA:0,(anonymous_2)
FNDA:0,stopSimulator
DA:1,22
DA:2,22
DA:5,0
DA:6,0
DA:7,0
DA:9,0
DA:11,0
DA:13,0
DA:14,0
DA:16,0
DA:17,0
DA:19,0
DA:21,0
DA:23,0
DA:24,0
DA:25,0
DA:33,0
DA:34,0
DA:37,22
LF:19
LH:3
BRDA:4,0,0,0
BRDA:4,1,0,0
BRDA:4,2,0,0
BRDA:23,3,0,0
BRDA:23,3,1,0
BRDA:33,4,0,0
BRDA:33,4,1,0
BRF:7
BRH:0
end_of_record
TN:
SF:app.js
FN:20,createApp
FN:33,(anonymous_1)
FN:57,(anonymous_2)
FN:89,(anonymous_3)
FN:125,(anonymous_4)
FN:129,(anonymous_5)
FN:133,(anonymous_6)
FN:148,(anonymous_7)
FN:170,(anonymous_8)
FN:189,(anonymous_9)
FN:222,(anonymous_10)
FN:245,(anonymous_11)
FN:287,(anonymous_12)
FN:288,(anonymous_13)
FN:288,(anonymous_14)
FN:302,(anonymous_15)
FNF:16
FNH:6
FNDA:21,createApp
FNDA:4,(anonymous_1)
FNDA:5,(anonymous_2)
FNDA:0,(anonymous_3)
FNDA:0,(anonymous_4)
FNDA:0,(anonymous_5)
FNDA:0,(anonymous_6)
FNDA:3,(anonymous_7)
FNDA:7,(anonymous_8)
FNDA:10,(anonymous_9)
FNDA:0,(anonymous_10)
FNDA:0,(anonymous_11)
FNDA:0,(anonymous_12)
FNDA:0,(anonymous_13)
FNDA:0,(anonymous_14)
FNDA:0,(anonymous_15)
DA:2,22
DA:3,22
DA:4,22
DA:5,22
DA:6,22
DA:7,22
DA:8,22
DA:9,22
DA:11,22
DA:12,22
DA:16,22
DA:17,22
DA:18,22
DA:21,21
DA:22,21
DA:23,21
DA:26,21
DA:33,21
DA:34,4
DA:35,4
DA:36,4
DA:38,3
DA:46,1
DA:47,0
DA:49,4
DA:57,21
DA:58,5
DA:60,5
DA:61,5
DA:63,4
DA:72,4
DA:74,4
DA:75,2
DA:76,2
DA:77,2
DA:79,2
DA:81,2
DA:84,1
DA:89,21
DA:90,0
DA:92,0
DA:93,0
DA:96,0
DA:104,0
DA:116,0
DA:117,0
DA:118,0
DA:120,0
DA:125,21
DA:126,0
DA:129,21
DA:130,0
DA:133,21
DA:134,0
DA:135,0
DA:136,0
DA:138,0
DA:139,0
DA:140,0
DA:142,0
DA:148,21
DA:149,3
DA:151,3
DA:152,3
DA:154,2
DA:162,1
DA:163,1
DA:165,2
DA:170,21
DA:171,7
DA:172,7
DA:173,6
DA:181,5
DA:182,4
DA:184,3
DA:189,21
DA:190,10
DA:191,10
DA:192,10
DA:193,3
DA:197,7
DA:198,7
DA:199,6
DA:213,6
DA:215,1
DA:217,7
DA:222,21
DA:223,0
DA:224,0
DA:225,0
DA:228,0
DA:229,0
DA:235,0
DA:237,0
DA:242,21
DA:245,21
DA:246,0
DA:247,0
DA:248,0
DA:250,0
DA:285,0
DA:287,0
DA:288,0
DA:290,0
DA:297,0
DA:302,21
DA:303,0
DA:304,0
DA:305,0
DA:308,0
DA:309,0
DA:310,0
DA:312,0
DA:316,21
DA:319,22
LF:115
LH:73
BRDA:74,0,0,2
BRDA:74,0,1,2
BRDA:76,1,0,2
BRDA:76,1,1,0
BRDA:77,2,0,1
BRDA:77,2,1,1
BRDA:92,3,0,0
BRDA:92,3,1,0
BRDA:92,4,0,0
BRDA:92,4,1,0
BRDA:92,4,2,0
BRDA:135,5,0,0
BRDA:135,5,1,0
BRDA:192,6,0,3
BRDA:192,6,1,7
BRDA:213,7,0,6
BRDA:213,7,1,0
BRDA:217,8,0,6
BRDA:217,8,1,1
BRDA:224,9,0,0
BRDA:224,9,1,0
BRDA:224,10,0,0
BRDA:224,10,1,0
BRDA:224,10,2,0
BRDA:304,11,0,0
BRDA:304,11,1,0
BRF:26
BRH:10
end_of_record
TN:
SF:cuidadosService.js
FN:9,getUltimoIdRiegoPorPlantaUsuario
FN:48,crearCuidado
FN:88,(anonymous_2)
FNF:3
FNH:0
FNDA:0,getUltimoIdRiegoPorPlantaUsuario
FNDA:0,crearCuidado
FNDA:0,(anonymous_2)
DA:1,22
DA:2,22
DA:11,0
DA:19,0
DA:20,0
DA:23,0
DA:32,0
DA:33,0
DA:36,0
DA:45,0
DA:50,0
DA:51,0
DA:54,0
DA:56,0
DA:75,0
DA:76,0
DA:78,0
DA:86,0
DA:88,0
DA:92,22
LF:20
LH:3
BRDA:19,0,0,0
BRDA:19,0,1,0
BRDA:32,1,0,0
BRDA:32,1,1,0
BRDA:45,2,0,0
BRDA:45,2,1,0
BRDA:69,3,0,0
BRDA:69,3,1,0
BRDA:76,4,0,0
BRDA:76,4,1,0
BRDA:88,5,0,0
BRDA:88,5,1,0
BRF:12
BRH:0
end_of_record
TN:
SF:mqttService.js
FN:23,ensureSensorForPlanta
FN:64,setSensorForPlanta
FN:71,initMQTT
FN:80,(anonymous_3)
FN:81,(anonymous_4)
FN:86,(anonymous_5)
FN:91,(anonymous_6)
FN:97,procesarDatoInterno
FN:116,procesarDatoMQTT
FN:167,getUltimoDato
FN:168,getHistorial
FN:170,enviarComandoRiego
FN:220,enviarComandoFisicoRiego
FNF:13
FNH:0
FNDA:0,ensureSensorForPlanta
FNDA:0,setSensorForPlanta
FNDA:0,initMQTT
FNDA:0,(anonymous_3)
FNDA:0,(anonymous_4)
FNDA:0,(anonymous_5)
FNDA:0,(anonymous_6)
FNDA:0,procesarDatoInterno
FNDA:0,procesarDatoMQTT
FNDA:0,getUltimoDato
FNDA:0,getHistorial
FNDA:0,enviarComandoRiego
FNDA:0,enviarComandoFisicoRiego
DA:1,22
DA:2,22
DA:3,22
DA:6,22
DA:7,22
DA:8,22
DA:10,22
DA:17,22
DA:19,22
DA:20,22
DA:21,22
DA:25,0
DA:26,0
DA:28,0
DA:37,0
DA:38,0
DA:39,0
DA:42,0
DA:55,0
DA:56,0
DA:57,0
DA:58,0
DA:60,0
DA:65,0
DA:66,0
DA:67,0
DA:68,0
DA:72,0
DA:73,0
DA:74,0
DA:75,0
DA:77,0
DA:78,0
DA:80,0
DA:81,0
DA:82,0
DA:86,0
DA:87,0
DA:88,0
DA:91,0
DA:92,0
DA:98,0
DA:99,0
DA:101,0
DA:102,0
DA:103,0
DA:106,0
DA:107,0
DA:108,0
DA:109,0
DA:110,0
DA:111,0
DA:112,0
DA:117,0
DA:118,0
DA:119,0
DA:120,0
DA:121,0
DA:122,0
DA:124,0
DA:125,0
DA:126,0
DA:129,0
DA:130,0
DA:131,0
DA:132,0
DA:133,0
DA:135,0
DA:136,0
DA:138,0
DA:153,0
DA:154,0
DA:156,0
DA:161,0
DA:163,0
DA:167,0
DA:168,0
DA:171,0
DA:172,0
DA:173,0
DA:175,0
DA:176,0
DA:177,0
DA:180,0
DA:183,0
DA:184,0
DA:186,0
DA:195,0
DA:197,0
DA:211,0
DA:213,0
DA:214,0
DA:216,0
DA:221,0
DA:222,0
DA:223,0
DA:226,0
DA:227,0
DA:228,0
DA:229,0
DA:231,0
DA:232,0
DA:238,22
LF:103
LH:12
BRDA:37,0,0,0
BRDA:37,0,1,0
BRDA:56,1,0,0
BRDA:56,1,1,0
BRDA:60,2,0,0
BRDA:60,2,1,0
BRDA:71,3,0,0
BRDA:72,4,0,0
BRDA:72,4,1,0
BRDA:75,5,0,0
BRDA:75,5,1,0
BRDA:82,6,0,0
BRDA:82,6,1,0
BRDA:101,7,0,0
BRDA:101,7,1,0
BRDA:107,8,0,0
BRDA:107,8,1,0
BRDA:108,9,0,0
BRDA:108,9,1,0
BRDA:120,10,0,0
BRDA:120,10,1,0
BRDA:124,11,0,0
BRDA:124,11,1,0
BRDA:131,12,0,0
BRDA:131,12,1,0
BRDA:131,13,0,0
BRDA:131,13,1,0
BRDA:154,14,0,0
BRDA:154,14,1,0
BRDA:170,15,0,0
BRDA:171,16,0,0
BRDA:171,16,1,0
BRDA:171,17,0,0
BRDA:171,17,1,0
BRDA:175,18,0,0
BRDA:175,18,1,0
BRDA:195,19,0,0
BRDA:195,19,1,0
BRDA:216,20,0,0
BRDA:216,20,1,0
BRDA:221,21,0,0
BRDA:221,21,1,0
BRDA:221,22,0,0
BRDA:221,22,1,0
BRF:44
BRH:0
end_of_record
TN:
SF:pkgCentralService.js
FN:11,verificarCondiciones
FN:72,(anonymous_1)
FNF:2
FNH:0
FNDA:0,verificarCondiciones
FNDA:0,(anonymous_1)
DA:2,22
DA:3,22
DA:5,22
DA:13,0
DA:14,0
DA:17,0
DA:28,0
DA:29,0
DA:32,0
DA:35,0
DA:57,0
DA:59,0
DA:60,0
DA:61,0
DA:63,0
DA:69,0
DA:70,0
DA:72,0
DA:77,22
LF:19
LH:4
BRDA:28,0,0,0
BRDA:28,0,1,0
BRDA:59,1,0,0
BRDA:59,1,1,0
BRDA:72,2,0,0
BRDA:72,2,1,0
BRF:6
BRH:0
end_of_record
